---
fadd_b12:
  config:
  - check ISA:=regex(.*I.*F.*Zfh.*)
  mnemonics:
    fadd.h: 51
    coverage: 1/1
  op_comb:
    rs1 != rs2  and rs1 != rd and rs2 != rd: 47
    rs1 == rd != rs2: 1
    rs1 == rs2 != rd: 1
    rs1 == rs2 == rd: 1
    rs2 == rd != rs1: 1
    coverage: 5/5
  rd:
    f0: 1
    f1: 1
    f10: 1
    f11: 1
    f12: 1
    f13: 1
    f14: 1
    f15: 1
    f16: 1
    f17: 1
    f18: 1
    f19: 1
    f2: 1
    f20: 1
    f21: 1
    f22: 1
    f23: 1
    f24: 1
    f25: 1
    f26: 1
    f27: 1
    f28: 1
    f29: 1
    f3: 1
    f30: 1
    f31: 20
    f4: 1
    f5: 1
    f6: 1
    f7: 1
    f8: 1
    f9: 1
    coverage: 32/32
  rs1:
    f0: 1
    f1: 1
    f10: 1
    f11: 1
    f12: 1
    f13: 1
    f14: 1
    f15: 1
    f16: 1
    f17: 1
    f18: 1
    f19: 1
    f2: 1
    f20: 1
    f21: 1
    f22: 1
    f23: 1
    f24: 1
    f25: 1
    f26: 1
    f27: 1
    f28: 1
    f29: 1
    f3: 1
    f30: 18
    f31: 3
    f4: 1
    f5: 1
    f6: 1
    f7: 1
    f8: 1
    f9: 1
    coverage: 32/32
  rs2:
    f0: 1
    f1: 1
    f10: 1
    f11: 1
    f12: 1
    f13: 1
    f14: 1
    f15: 1
    f16: 1
    f17: 1
    f18: 1
    f19: 1
    f2: 1
    f20: 1
    f21: 1
    f22: 1
    f23: 1
    f24: 1
    f25: 1
    f26: 1
    f27: 1
    f28: 1
    f29: 16
    f3: 1
    f30: 5
    f31: 1
    f4: 1
    f5: 1
    f6: 1
    f7: 1
    f8: 1
    f9: 1
    coverage: 32/32
  val_comb:
    ? 'fs1 == 1 and fe1 == 0x1e and fm1 == 0x2c0 and fs2 == 0 and fe2 == 0x1e and
      fm2 == 0x3ff and  fcsr == 0x0 and rm_val == 7  and rs1_nan_prefix == 0xffff
      and rs2_nan_prefix == 0xffff  #nosat'
    : 1
    ? 'fs1 == 1 and fe1 == 0x1d and fm1 == 0x2b9 and fs2 == 0 and fe2 == 0x1e and
      fm2 == 0x16e and  fcsr == 0x0 and rm_val == 7  and rs1_nan_prefix == 0xffff
      and rs2_nan_prefix == 0xffff  #nosat'
    : 1
    ? 'fs1 == 1 and fe1 == 0x1e and fm1 == 0x016 and fs2 == 0 and fe2 == 0x1e and
      fm2 == 0x353 and  fcsr == 0x0 and rm_val == 7  and rs1_nan_prefix == 0xffff
      and rs2_nan_prefix == 0xffff  #nosat'
    : 1
    ? 'fs1 == 1 and fe1 == 0x1e and fm1 == 0x244 and fs2 == 0 and fe2 == 0x1e and
      fm2 == 0x3ff and  fcsr == 0x0 and rm_val == 7  and rs1_nan_prefix == 0xffff
      and rs2_nan_prefix == 0xffff  #nosat'
    : 1
    ? 'fs1 == 1 and fe1 == 0x1d and fm1 == 0x39f and fs2 == 0 and fe2 == 0x1e and
      fm2 == 0x3ff and  fcsr == 0x0 and rm_val == 7  and rs1_nan_prefix == 0xffff
      and rs2_nan_prefix == 0xffff  #nosat'
    : 1
    ? 'fs1 == 1 and fe1 == 0x1e and fm1 == 0x342 and fs2 == 0 and fe2 == 0x1e and
      fm2 == 0x3ff and  fcsr == 0x0 and rm_val == 7  and rs1_nan_prefix == 0xffff
      and rs2_nan_prefix == 0xffff  #nosat'
    : 1
    ? 'fs1 == 1 and fe1 == 0x1d and fm1 == 0x081 and fs2 == 0 and fe2 == 0x1e and
      fm2 == 0x3ff and  fcsr == 0x0 and rm_val == 7  and rs1_nan_prefix == 0xffff
      and rs2_nan_prefix == 0xffff  #nosat'
    : 1
    ? 'fs1 == 1 and fe1 == 0x1e and fm1 == 0x0f1 and fs2 == 0 and fe2 == 0x1e and
      fm2 == 0x2f2 and  fcsr == 0x0 and rm_val == 7  and rs1_nan_prefix == 0xffff
      and rs2_nan_prefix == 0xffff  #nosat'
    : 1
    ? 'fs1 == 1 and fe1 == 0x1e and fm1 == 0x346 and fs2 == 0 and fe2 == 0x1e and
      fm2 == 0x3ff and  fcsr == 0x0 and rm_val == 7  and rs1_nan_prefix == 0xffff
      and rs2_nan_prefix == 0xffff  #nosat'
    : 1
    ? 'fs1 == 1 and fe1 == 0x1e and fm1 == 0x27a and fs2 == 0 and fe2 == 0x1e and
      fm2 == 0x3ff and  fcsr == 0x0 and rm_val == 7  and rs1_nan_prefix == 0xffff
      and rs2_nan_prefix == 0xffff  #nosat'
    : 1
    ? 'fs1 == 1 and fe1 == 0x1d and fm1 == 0x0f5 and fs2 == 0 and fe2 == 0x1e and
      fm2 == 0x3ff and  fcsr == 0x0 and rm_val == 7  and rs1_nan_prefix == 0xffff
      and rs2_nan_prefix == 0xffff  #nosat'
    : 1
    ? 'fs1 == 1 and fe1 == 0x1e and fm1 == 0x32f and fs2 == 0 and fe2 == 0x1e and
      fm2 == 0x3ff and  fcsr == 0x0 and rm_val == 7  and rs1_nan_prefix == 0xffff
      and rs2_nan_prefix == 0xffff  #nosat'
    : 1
    ? 'fs1 == 1 and fe1 == 0x1d and fm1 == 0x38c and fs2 == 0 and fe2 == 0x1e and
      fm2 == 0x094 and  fcsr == 0x0 and rm_val == 7  and rs1_nan_prefix == 0xffff
      and rs2_nan_prefix == 0xffff  #nosat'
    : 1
    ? 'fs1 == 1 and fe1 == 0x1d and fm1 == 0x2f1 and fs2 == 0 and fe2 == 0x1e and
      fm2 == 0x3ff and  fcsr == 0x0 and rm_val == 7  and rs1_nan_prefix == 0xffff
      and rs2_nan_prefix == 0xffff  #nosat'
    : 1
    ? 'fs1 == 1 and fe1 == 0x1e and fm1 == 0x34c and fs2 == 0 and fe2 == 0x1e and
      fm2 == 0x3ff and  fcsr == 0x0 and rm_val == 7  and rs1_nan_prefix == 0xffff
      and rs2_nan_prefix == 0xffff  #nosat'
    : 1
    ? 'fs1 == 1 and fe1 == 0x1d and fm1 == 0x3a0 and fs2 == 0 and fe2 == 0x1e and
      fm2 == 0x3ff and  fcsr == 0x0 and rm_val == 7  and rs1_nan_prefix == 0xffff
      and rs2_nan_prefix == 0xffff  #nosat'
    : 1
    ? 'fs1 == 1 and fe1 == 0x1d and fm1 == 0x02a and fs2 == 0 and fe2 == 0x1e and
      fm2 == 0x3ff and  fcsr == 0x0 and rm_val == 7  and rs1_nan_prefix == 0xffff
      and rs2_nan_prefix == 0xffff  #nosat'
    : 1
    ? 'fs1 == 1 and fe1 == 0x1e and fm1 == 0x063 and fs2 == 0 and fe2 == 0x1e and
      fm2 == 0x07f and  fcsr == 0x0 and rm_val == 7  and rs1_nan_prefix == 0xffff
      and rs2_nan_prefix == 0xffff  #nosat'
    : 1
    ? 'fs1 == 1 and fe1 == 0x1e and fm1 == 0x1c1 and fs2 == 0 and fe2 == 0x1e and
      fm2 == 0x3ff and  fcsr == 0x0 and rm_val == 7  and rs1_nan_prefix == 0xffff
      and rs2_nan_prefix == 0xffff  #nosat'
    : 1
    ? 'fs1 == 1 and fe1 == 0x1e and fm1 == 0x298 and fs2 == 0 and fe2 == 0x1e and
      fm2 == 0x3ff and  fcsr == 0x0 and rm_val == 7  and rs1_nan_prefix == 0xffff
      and rs2_nan_prefix == 0xffff  #nosat'
    : 1
    ? 'fs1 == 1 and fe1 == 0x15 and fm1 == 0x0ad and fs2 == 0 and fe2 == 0x1d and
      fm2 == 0x3e9 and  fcsr == 0x0 and rm_val == 7  and rs1_nan_prefix == 0xffff
      and rs2_nan_prefix == 0xffff  #nosat'
    : 1
    ? 'fs1 == 1 and fe1 == 0x1e and fm1 == 0x2ef and fs2 == 0 and fe2 == 0x1e and
      fm2 == 0x3ff and  fcsr == 0x0 and rm_val == 7  and rs1_nan_prefix == 0xffff
      and rs2_nan_prefix == 0xffff  #nosat'
    : 1
    ? 'fs1 == 1 and fe1 == 0x1d and fm1 == 0x133 and fs2 == 0 and fe2 == 0x1e and
      fm2 == 0x3ff and  fcsr == 0x0 and rm_val == 7  and rs1_nan_prefix == 0xffff
      and rs2_nan_prefix == 0xffff  #nosat'
    : 1
    ? 'fs1 == 1 and fe1 == 0x1c and fm1 == 0x21c and fs2 == 0 and fe2 == 0x1e and
      fm2 == 0x210 and  fcsr == 0x0 and rm_val == 7  and rs1_nan_prefix == 0xffff
      and rs2_nan_prefix == 0xffff  #nosat'
    : 1
    ? 'fs1 == 1 and fe1 == 0x1c and fm1 == 0x3a1 and fs2 == 0 and fe2 == 0x1e and
      fm2 == 0x3ff and  fcsr == 0x0 and rm_val == 7  and rs1_nan_prefix == 0xffff
      and rs2_nan_prefix == 0xffff  #nosat'
    : 1
    ? 'fs1 == 1 and fe1 == 0x1e and fm1 == 0x26c and fs2 == 0 and fe2 == 0x1e and
      fm2 == 0x3ff and  fcsr == 0x0 and rm_val == 7  and rs1_nan_prefix == 0xffff
      and rs2_nan_prefix == 0xffff  #nosat'
    : 1
    ? 'fs1 == 1 and fe1 == 0x1b and fm1 == 0x125 and fs2 == 0 and fe2 == 0x1d and
      fm2 == 0x267 and  fcsr == 0x0 and rm_val == 7  and rs1_nan_prefix == 0xffff
      and rs2_nan_prefix == 0xffff  #nosat'
    : 1
    ? 'fs1 == 1 and fe1 == 0x1e and fm1 == 0x00f and fs2 == 0 and fe2 == 0x1e and
      fm2 == 0x3ff and  fcsr == 0x0 and rm_val == 7  and rs1_nan_prefix == 0xffff
      and rs2_nan_prefix == 0xffff  #nosat'
    : 1
    ? 'fs1 == 1 and fe1 == 0x1b and fm1 == 0x2f9 and fs2 == 0 and fe2 == 0x1e and
      fm2 == 0x147 and  fcsr == 0x0 and rm_val == 7  and rs1_nan_prefix == 0xffff
      and rs2_nan_prefix == 0xffff  #nosat'
    : 1
    ? 'fs1 == 1 and fe1 == 0x1e and fm1 == 0x1a6 and fs2 == 0 and fe2 == 0x1e and
      fm2 == 0x3ff and  fcsr == 0x0 and rm_val == 7  and rs1_nan_prefix == 0xffff
      and rs2_nan_prefix == 0xffff  #nosat'
    : 1
    ? 'fs1 == 1 and fe1 == 0x1e and fm1 == 0x283 and fs2 == 0 and fe2 == 0x1e and
      fm2 == 0x3ff and  fcsr == 0x0 and rm_val == 7  and rs1_nan_prefix == 0xffff
      and rs2_nan_prefix == 0xffff  #nosat'
    : 1
    ? 'fs1 == 1 and fe1 == 0x1e and fm1 == 0x3b4 and fs2 == 0 and fe2 == 0x1e and
      fm2 == 0x3ff and  fcsr == 0x0 and rm_val == 7  and rs1_nan_prefix == 0xffff
      and rs2_nan_prefix == 0xffff  #nosat'
    : 1
    ? 'fs1 == 1 and fe1 == 0x1e and fm1 == 0x0b2 and fs2 == 0 and fe2 == 0x1e and
      fm2 == 0x3ff and  fcsr == 0x0 and rm_val == 7  and rs1_nan_prefix == 0xffff
      and rs2_nan_prefix == 0xffff  #nosat'
    : 1
    ? 'fs1 == 1 and fe1 == 0x1e and fm1 == 0x0c4 and fs2 == 0 and fe2 == 0x1e and
      fm2 == 0x3d8 and  fcsr == 0x0 and rm_val == 7  and rs1_nan_prefix == 0xffff
      and rs2_nan_prefix == 0xffff  #nosat'
    : 1
    ? 'fs1 == 1 and fe1 == 0x1e and fm1 == 0x09a and fs2 == 0 and fe2 == 0x1e and
      fm2 == 0x2ec and  fcsr == 0x0 and rm_val == 7  and rs1_nan_prefix == 0xffff
      and rs2_nan_prefix == 0xffff  #nosat'
    : 1
    ? 'fs1 == 1 and fe1 == 0x1c and fm1 == 0x20e and fs2 == 0 and fe2 == 0x1d and
      fm2 == 0x203 and  fcsr == 0x0 and rm_val == 7  and rs1_nan_prefix == 0xffff
      and rs2_nan_prefix == 0xffff  #nosat'
    : 1
    ? 'fs1 == 1 and fe1 == 0x1e and fm1 == 0x0e6 and fs2 == 0 and fe2 == 0x1e and
      fm2 == 0x3ff and  fcsr == 0x0 and rm_val == 7  and rs1_nan_prefix == 0xffff
      and rs2_nan_prefix == 0xffff  #nosat'
    : 1
    ? 'fs1 == 1 and fe1 == 0x1d and fm1 == 0x39e and fs2 == 0 and fe2 == 0x1e and
      fm2 == 0x087 and  fcsr == 0x0 and rm_val == 7  and rs1_nan_prefix == 0xffff
      and rs2_nan_prefix == 0xffff  #nosat'
    : 1
    ? 'fs1 == 1 and fe1 == 0x1e and fm1 == 0x20e and fs2 == 0 and fe2 == 0x1e and
      fm2 == 0x3ff and  fcsr == 0x0 and rm_val == 7  and rs1_nan_prefix == 0xffff
      and rs2_nan_prefix == 0xffff  #nosat'
    : 1
    ? 'fs1 == 1 and fe1 == 0x1e and fm1 == 0x362 and fs2 == 0 and fe2 == 0x1e and
      fm2 == 0x3ff and  fcsr == 0x0 and rm_val == 7  and rs1_nan_prefix == 0xffff
      and rs2_nan_prefix == 0xffff  #nosat'
    : 1
    ? 'fs1 == 1 and fe1 == 0x1e and fm1 == 0x32e and fs2 == 0 and fe2 == 0x1e and
      fm2 == 0x3ff and  fcsr == 0x0 and rm_val == 7  and rs1_nan_prefix == 0xffff
      and rs2_nan_prefix == 0xffff  #nosat'
    : 1
    ? 'fs1 == 1 and fe1 == 0x1e and fm1 == 0x052 and fs2 == 0 and fe2 == 0x1e and
      fm2 == 0x373 and  fcsr == 0x0 and rm_val == 7  and rs1_nan_prefix == 0xffff
      and rs2_nan_prefix == 0xffff  #nosat'
    : 1
    ? 'fs1 == 1 and fe1 == 0x1e and fm1 == 0x1a3 and fs2 == 0 and fe2 == 0x1e and
      fm2 == 0x3d7 and  fcsr == 0x0 and rm_val == 7  and rs1_nan_prefix == 0xffff
      and rs2_nan_prefix == 0xffff  #nosat'
    : 1
    ? 'fs1 == 1 and fe1 == 0x1e and fm1 == 0x27d and fs2 == 0 and fe2 == 0x1e and
      fm2 == 0x3ff and  fcsr == 0x0 and rm_val == 7  and rs1_nan_prefix == 0xffff
      and rs2_nan_prefix == 0xffff  #nosat'
    : 1
    ? 'fs1 == 1 and fe1 == 0x1e and fm1 == 0x328 and fs2 == 0 and fe2 == 0x1e and
      fm2 == 0x3ff and  fcsr == 0x0 and rm_val == 7  and rs1_nan_prefix == 0xffff
      and rs2_nan_prefix == 0xffff  #nosat'
    : 1
    ? 'fs1 == 1 and fe1 == 0x1e and fm1 == 0x398 and fs2 == 0 and fe2 == 0x1e and
      fm2 == 0x3ff and  fcsr == 0x0 and rm_val == 7  and rs1_nan_prefix == 0xffff
      and rs2_nan_prefix == 0xffff  #nosat'
    : 1
    ? 'fs1 == 1 and fe1 == 0x1d and fm1 == 0x334 and fs2 == 0 and fe2 == 0x1e and
      fm2 == 0x3ff and  fcsr == 0x0 and rm_val == 7  and rs1_nan_prefix == 0xffff
      and rs2_nan_prefix == 0xffff  #nosat'
    : 1
    ? 'fs1 == 1 and fe1 == 0x1e and fm1 == 0x3f7 and fs2 == 0 and fe2 == 0x1e and
      fm2 == 0x3ff and  fcsr == 0x0 and rm_val == 7  and rs1_nan_prefix == 0xffff
      and rs2_nan_prefix == 0xffff  #nosat'
    : 1
    ? 'fs1 == 1 and fe1 == 0x1e and fm1 == 0x257 and fs2 == 0 and fe2 == 0x1e and
      fm2 == 0x300 and  fcsr == 0x0 and rm_val == 7  and rs1_nan_prefix == 0xffff
      and rs2_nan_prefix == 0xffff  #nosat'
    : 1
    coverage: 49/49
  total_coverage: 151/151
