---
fdiv_b4:
  config:
  - check ISA:=regex(.*I.*F.*)
  mnemonics:
    fdiv.h: 142
    coverage: 1/1
  op_comb:
    rs1 != rs2  and rs1 != rd and rs2 != rd: 138
    rs1 == rd != rs2: 1
    rs1 == rs2 != rd: 1
    rs1 == rs2 == rd: 1
    rs2 == rd != rs1: 1
    coverage: 5/5
  rd:
    f0: 1
    f1: 1
    f10: 1
    f11: 1
    f12: 1
    f13: 1
    f14: 1
    f15: 1
    f16: 1
    f17: 1
    f18: 1
    f19: 1
    f2: 1
    f20: 1
    f21: 1
    f22: 1
    f23: 1
    f24: 1
    f25: 1
    f26: 1
    f27: 1
    f28: 1
    f29: 1
    f3: 1
    f30: 1
    f31: 111
    f4: 1
    f5: 1
    f6: 1
    f7: 1
    f8: 1
    f9: 1
    coverage: 32/32
  rs1:
    f0: 1
    f1: 1
    f10: 1
    f11: 1
    f12: 1
    f13: 1
    f14: 1
    f15: 1
    f16: 1
    f17: 1
    f18: 1
    f19: 1
    f2: 1
    f20: 1
    f21: 1
    f22: 1
    f23: 1
    f24: 1
    f25: 1
    f26: 1
    f27: 1
    f28: 1
    f29: 1
    f3: 1
    f30: 111
    f31: 1
    f4: 1
    f5: 1
    f6: 1
    f7: 1
    f8: 1
    f9: 1
    coverage: 32/32
  rs2:
    f0: 1
    f1: 1
    f10: 1
    f11: 1
    f12: 1
    f13: 1
    f14: 1
    f15: 1
    f16: 1
    f17: 1
    f18: 1
    f19: 1
    f2: 1
    f20: 1
    f21: 1
    f22: 1
    f23: 1
    f24: 1
    f25: 1
    f26: 1
    f27: 1
    f28: 1
    f29: 111
    f3: 1
    f30: 1
    f31: 1
    f4: 1
    f5: 1
    f6: 1
    f7: 1
    f8: 1
    f9: 1
    coverage: 32/32
  val_comb:
    ? 'fs1 == 0 and fe1 == 0x1c and fm1 == 0x39c and fs2 == 0 and fe2 == 0x0c and
      fm2 == 0x39d and  fcsr == 0x0 and rm_val == 7  and rs1_nan_prefix == 0xffff
      and rs2_nan_prefix == 0xffff  #nosat'
    : 1
    ? 'fs1 == 0 and fe1 == 0x1c and fm1 == 0x39c and fs2 == 0 and fe2 == 0x0c and
      fm2 == 0x39d and  fcsr == 0x20 and rm_val == 7  and rs1_nan_prefix == 0xffff
      and rs2_nan_prefix == 0xffff  #nosat'
    : 1
    ? 'fs1 == 0 and fe1 == 0x1c and fm1 == 0x39c and fs2 == 0 and fe2 == 0x0c and
      fm2 == 0x39d and  fcsr == 0x40 and rm_val == 7  and rs1_nan_prefix == 0xffff
      and rs2_nan_prefix == 0xffff  #nosat'
    : 1
    ? 'fs1 == 0 and fe1 == 0x1c and fm1 == 0x39c and fs2 == 0 and fe2 == 0x0c and
      fm2 == 0x39d and  fcsr == 0x60 and rm_val == 7  and rs1_nan_prefix == 0xffff
      and rs2_nan_prefix == 0xffff  #nosat'
    : 1
    ? 'fs1 == 0 and fe1 == 0x1c and fm1 == 0x39c and fs2 == 0 and fe2 == 0x0c and
      fm2 == 0x39d and  fcsr == 0x80 and rm_val == 7  and rs1_nan_prefix == 0xffff
      and rs2_nan_prefix == 0xffff  #nosat'
    : 1
    ? 'fs1 == 0 and fe1 == 0x1d and fm1 == 0x1ea and fs2 == 1 and fe2 == 0x0d and
      fm2 == 0x1eb and  fcsr == 0x0 and rm_val == 7  and rs1_nan_prefix == 0xffff
      and rs2_nan_prefix == 0xffff  #nosat'
    : 1
    ? 'fs1 == 0 and fe1 == 0x1d and fm1 == 0x1ea and fs2 == 1 and fe2 == 0x0d and
      fm2 == 0x1eb and  fcsr == 0x20 and rm_val == 7  and rs1_nan_prefix == 0xffff
      and rs2_nan_prefix == 0xffff  #nosat'
    : 1
    ? 'fs1 == 0 and fe1 == 0x1d and fm1 == 0x1ea and fs2 == 1 and fe2 == 0x0d and
      fm2 == 0x1eb and  fcsr == 0x40 and rm_val == 7  and rs1_nan_prefix == 0xffff
      and rs2_nan_prefix == 0xffff  #nosat'
    : 1
    ? 'fs1 == 0 and fe1 == 0x1d and fm1 == 0x1ea and fs2 == 1 and fe2 == 0x0d and
      fm2 == 0x1eb and  fcsr == 0x60 and rm_val == 7  and rs1_nan_prefix == 0xffff
      and rs2_nan_prefix == 0xffff  #nosat'
    : 1
    ? 'fs1 == 0 and fe1 == 0x1d and fm1 == 0x1ea and fs2 == 1 and fe2 == 0x0d and
      fm2 == 0x1eb and  fcsr == 0x80 and rm_val == 7  and rs1_nan_prefix == 0xffff
      and rs2_nan_prefix == 0xffff  #nosat'
    : 1
    ? 'fs1 == 0 and fe1 == 0x1e and fm1 == 0x100 and fs2 == 0 and fe2 == 0x0e and
      fm2 == 0x101 and  fcsr == 0x0 and rm_val == 7  and rs1_nan_prefix == 0xffff
      and rs2_nan_prefix == 0xffff  #nosat'
    : 1
    ? 'fs1 == 0 and fe1 == 0x1e and fm1 == 0x100 and fs2 == 0 and fe2 == 0x0e and
      fm2 == 0x101 and  fcsr == 0x20 and rm_val == 7  and rs1_nan_prefix == 0xffff
      and rs2_nan_prefix == 0xffff  #nosat'
    : 1
    ? 'fs1 == 0 and fe1 == 0x1e and fm1 == 0x100 and fs2 == 0 and fe2 == 0x0e and
      fm2 == 0x101 and  fcsr == 0x40 and rm_val == 7  and rs1_nan_prefix == 0xffff
      and rs2_nan_prefix == 0xffff  #nosat'
    : 1
    ? 'fs1 == 0 and fe1 == 0x1e and fm1 == 0x100 and fs2 == 0 and fe2 == 0x0e and
      fm2 == 0x101 and  fcsr == 0x60 and rm_val == 7  and rs1_nan_prefix == 0xffff
      and rs2_nan_prefix == 0xffff  #nosat'
    : 1
    ? 'fs1 == 0 and fe1 == 0x1e and fm1 == 0x100 and fs2 == 0 and fe2 == 0x0e and
      fm2 == 0x101 and  fcsr == 0x80 and rm_val == 7  and rs1_nan_prefix == 0xffff
      and rs2_nan_prefix == 0xffff  #nosat'
    : 1
    ? 'fs1 == 0 and fe1 == 0x18 and fm1 == 0x2bf and fs2 == 1 and fe2 == 0x08 and
      fm2 == 0x2bf and  fcsr == 0x0 and rm_val == 7  and rs1_nan_prefix == 0xffff
      and rs2_nan_prefix == 0xffff  #nosat'
    : 1
    ? 'fs1 == 0 and fe1 == 0x18 and fm1 == 0x2bf and fs2 == 1 and fe2 == 0x08 and
      fm2 == 0x2bf and  fcsr == 0x20 and rm_val == 7  and rs1_nan_prefix == 0xffff
      and rs2_nan_prefix == 0xffff  #nosat'
    : 1
    ? 'fs1 == 0 and fe1 == 0x18 and fm1 == 0x2bf and fs2 == 1 and fe2 == 0x08 and
      fm2 == 0x2bf and  fcsr == 0x40 and rm_val == 7  and rs1_nan_prefix == 0xffff
      and rs2_nan_prefix == 0xffff  #nosat'
    : 1
    ? 'fs1 == 0 and fe1 == 0x18 and fm1 == 0x2bf and fs2 == 1 and fe2 == 0x08 and
      fm2 == 0x2bf and  fcsr == 0x60 and rm_val == 7  and rs1_nan_prefix == 0xffff
      and rs2_nan_prefix == 0xffff  #nosat'
    : 1
    ? 'fs1 == 0 and fe1 == 0x18 and fm1 == 0x2bf and fs2 == 1 and fe2 == 0x08 and
      fm2 == 0x2bf and  fcsr == 0x80 and rm_val == 7  and rs1_nan_prefix == 0xffff
      and rs2_nan_prefix == 0xffff  #nosat'
    : 1
    ? 'fs1 == 0 and fe1 == 0x1d and fm1 == 0x025 and fs2 == 0 and fe2 == 0x0d and
      fm2 == 0x026 and  fcsr == 0x0 and rm_val == 7  and rs1_nan_prefix == 0xffff
      and rs2_nan_prefix == 0xffff  #nosat'
    : 1
    ? 'fs1 == 0 and fe1 == 0x1d and fm1 == 0x025 and fs2 == 0 and fe2 == 0x0d and
      fm2 == 0x026 and  fcsr == 0x20 and rm_val == 7  and rs1_nan_prefix == 0xffff
      and rs2_nan_prefix == 0xffff  #nosat'
    : 1
    ? 'fs1 == 0 and fe1 == 0x1d and fm1 == 0x025 and fs2 == 0 and fe2 == 0x0d and
      fm2 == 0x026 and  fcsr == 0x40 and rm_val == 7  and rs1_nan_prefix == 0xffff
      and rs2_nan_prefix == 0xffff  #nosat'
    : 1
    ? 'fs1 == 0 and fe1 == 0x1d and fm1 == 0x025 and fs2 == 0 and fe2 == 0x0d and
      fm2 == 0x026 and  fcsr == 0x60 and rm_val == 7  and rs1_nan_prefix == 0xffff
      and rs2_nan_prefix == 0xffff  #nosat'
    : 1
    ? 'fs1 == 0 and fe1 == 0x1d and fm1 == 0x025 and fs2 == 0 and fe2 == 0x0d and
      fm2 == 0x026 and  fcsr == 0x80 and rm_val == 7  and rs1_nan_prefix == 0xffff
      and rs2_nan_prefix == 0xffff  #nosat'
    : 1
    ? 'fs1 == 0 and fe1 == 0x1e and fm1 == 0x3f6 and fs2 == 1 and fe2 == 0x0e and
      fm2 == 0x3f7 and  fcsr == 0x0 and rm_val == 7  and rs1_nan_prefix == 0xffff
      and rs2_nan_prefix == 0xffff  #nosat'
    : 1
    ? 'fs1 == 0 and fe1 == 0x1e and fm1 == 0x3f6 and fs2 == 1 and fe2 == 0x0e and
      fm2 == 0x3f7 and  fcsr == 0x20 and rm_val == 7  and rs1_nan_prefix == 0xffff
      and rs2_nan_prefix == 0xffff  #nosat'
    : 1
    ? 'fs1 == 0 and fe1 == 0x1e and fm1 == 0x3f6 and fs2 == 1 and fe2 == 0x0e and
      fm2 == 0x3f7 and  fcsr == 0x40 and rm_val == 7  and rs1_nan_prefix == 0xffff
      and rs2_nan_prefix == 0xffff  #nosat'
    : 1
    ? 'fs1 == 0 and fe1 == 0x1e and fm1 == 0x3f6 and fs2 == 1 and fe2 == 0x0e and
      fm2 == 0x3f7 and  fcsr == 0x60 and rm_val == 7  and rs1_nan_prefix == 0xffff
      and rs2_nan_prefix == 0xffff  #nosat'
    : 1
    ? 'fs1 == 0 and fe1 == 0x1e and fm1 == 0x3f6 and fs2 == 1 and fe2 == 0x0e and
      fm2 == 0x3f7 and  fcsr == 0x80 and rm_val == 7  and rs1_nan_prefix == 0xffff
      and rs2_nan_prefix == 0xffff  #nosat'
    : 1
    ? 'fs1 == 0 and fe1 == 0x1e and fm1 == 0x2b0 and fs2 == 0 and fe2 == 0x0e and
      fm2 == 0x2b1 and  fcsr == 0x0 and rm_val == 7  and rs1_nan_prefix == 0xffff
      and rs2_nan_prefix == 0xffff  #nosat'
    : 1
    ? 'fs1 == 0 and fe1 == 0x1e and fm1 == 0x2b0 and fs2 == 0 and fe2 == 0x0e and
      fm2 == 0x2b1 and  fcsr == 0x20 and rm_val == 7  and rs1_nan_prefix == 0xffff
      and rs2_nan_prefix == 0xffff  #nosat'
    : 1
    ? 'fs1 == 0 and fe1 == 0x1e and fm1 == 0x2b0 and fs2 == 0 and fe2 == 0x0e and
      fm2 == 0x2b1 and  fcsr == 0x40 and rm_val == 7  and rs1_nan_prefix == 0xffff
      and rs2_nan_prefix == 0xffff  #nosat'
    : 1
    ? 'fs1 == 0 and fe1 == 0x1e and fm1 == 0x2b0 and fs2 == 0 and fe2 == 0x0e and
      fm2 == 0x2b1 and  fcsr == 0x60 and rm_val == 7  and rs1_nan_prefix == 0xffff
      and rs2_nan_prefix == 0xffff  #nosat'
    : 1
    ? 'fs1 == 0 and fe1 == 0x1e and fm1 == 0x2b0 and fs2 == 0 and fe2 == 0x0e and
      fm2 == 0x2b1 and  fcsr == 0x80 and rm_val == 7  and rs1_nan_prefix == 0xffff
      and rs2_nan_prefix == 0xffff  #nosat'
    : 1
    ? 'fs1 == 0 and fe1 == 0x1e and fm1 == 0x11c and fs2 == 1 and fe2 == 0x0e and
      fm2 == 0x11c and  fcsr == 0x0 and rm_val == 7  and rs1_nan_prefix == 0xffff
      and rs2_nan_prefix == 0xffff  #nosat'
    : 1
    ? 'fs1 == 0 and fe1 == 0x1e and fm1 == 0x11c and fs2 == 1 and fe2 == 0x0e and
      fm2 == 0x11c and  fcsr == 0x20 and rm_val == 7  and rs1_nan_prefix == 0xffff
      and rs2_nan_prefix == 0xffff  #nosat'
    : 1
    ? 'fs1 == 0 and fe1 == 0x1e and fm1 == 0x11c and fs2 == 1 and fe2 == 0x0e and
      fm2 == 0x11c and  fcsr == 0x40 and rm_val == 7  and rs1_nan_prefix == 0xffff
      and rs2_nan_prefix == 0xffff  #nosat'
    : 1
    ? 'fs1 == 0 and fe1 == 0x1e and fm1 == 0x11c and fs2 == 1 and fe2 == 0x0e and
      fm2 == 0x11c and  fcsr == 0x60 and rm_val == 7  and rs1_nan_prefix == 0xffff
      and rs2_nan_prefix == 0xffff  #nosat'
    : 1
    ? 'fs1 == 0 and fe1 == 0x1e and fm1 == 0x11c and fs2 == 1 and fe2 == 0x0e and
      fm2 == 0x11c and  fcsr == 0x80 and rm_val == 7  and rs1_nan_prefix == 0xffff
      and rs2_nan_prefix == 0xffff  #nosat'
    : 1
    ? 'fs1 == 0 and fe1 == 0x1e and fm1 == 0x113 and fs2 == 0 and fe2 == 0x0e and
      fm2 == 0x114 and  fcsr == 0x0 and rm_val == 7  and rs1_nan_prefix == 0xffff
      and rs2_nan_prefix == 0xffff  #nosat'
    : 1
    ? 'fs1 == 0 and fe1 == 0x1e and fm1 == 0x113 and fs2 == 0 and fe2 == 0x0e and
      fm2 == 0x114 and  fcsr == 0x20 and rm_val == 7  and rs1_nan_prefix == 0xffff
      and rs2_nan_prefix == 0xffff  #nosat'
    : 1
    ? 'fs1 == 0 and fe1 == 0x1e and fm1 == 0x113 and fs2 == 0 and fe2 == 0x0e and
      fm2 == 0x114 and  fcsr == 0x40 and rm_val == 7  and rs1_nan_prefix == 0xffff
      and rs2_nan_prefix == 0xffff  #nosat'
    : 1
    ? 'fs1 == 0 and fe1 == 0x1e and fm1 == 0x113 and fs2 == 0 and fe2 == 0x0e and
      fm2 == 0x114 and  fcsr == 0x60 and rm_val == 7  and rs1_nan_prefix == 0xffff
      and rs2_nan_prefix == 0xffff  #nosat'
    : 1
    ? 'fs1 == 0 and fe1 == 0x1e and fm1 == 0x113 and fs2 == 0 and fe2 == 0x0e and
      fm2 == 0x114 and  fcsr == 0x80 and rm_val == 7  and rs1_nan_prefix == 0xffff
      and rs2_nan_prefix == 0xffff  #nosat'
    : 1
    ? 'fs1 == 0 and fe1 == 0x1e and fm1 == 0x02e and fs2 == 1 and fe2 == 0x0e and
      fm2 == 0x02f and  fcsr == 0x0 and rm_val == 7  and rs1_nan_prefix == 0xffff
      and rs2_nan_prefix == 0xffff  #nosat'
    : 1
    ? 'fs1 == 0 and fe1 == 0x1e and fm1 == 0x02e and fs2 == 1 and fe2 == 0x0e and
      fm2 == 0x02f and  fcsr == 0x20 and rm_val == 7  and rs1_nan_prefix == 0xffff
      and rs2_nan_prefix == 0xffff  #nosat'
    : 1
    ? 'fs1 == 0 and fe1 == 0x1e and fm1 == 0x02e and fs2 == 1 and fe2 == 0x0e and
      fm2 == 0x02f and  fcsr == 0x40 and rm_val == 7  and rs1_nan_prefix == 0xffff
      and rs2_nan_prefix == 0xffff  #nosat'
    : 1
    ? 'fs1 == 0 and fe1 == 0x1e and fm1 == 0x02e and fs2 == 1 and fe2 == 0x0e and
      fm2 == 0x02f and  fcsr == 0x60 and rm_val == 7  and rs1_nan_prefix == 0xffff
      and rs2_nan_prefix == 0xffff  #nosat'
    : 1
    ? 'fs1 == 0 and fe1 == 0x1e and fm1 == 0x02e and fs2 == 1 and fe2 == 0x0e and
      fm2 == 0x02f and  fcsr == 0x80 and rm_val == 7  and rs1_nan_prefix == 0xffff
      and rs2_nan_prefix == 0xffff  #nosat'
    : 1
    ? 'fs1 == 0 and fe1 == 0x1e and fm1 == 0x15e and fs2 == 0 and fe2 == 0x0e and
      fm2 == 0x15f and  fcsr == 0x0 and rm_val == 7  and rs1_nan_prefix == 0xffff
      and rs2_nan_prefix == 0xffff  #nosat'
    : 1
    ? 'fs1 == 0 and fe1 == 0x1e and fm1 == 0x15e and fs2 == 0 and fe2 == 0x0e and
      fm2 == 0x15f and  fcsr == 0x20 and rm_val == 7  and rs1_nan_prefix == 0xffff
      and rs2_nan_prefix == 0xffff  #nosat'
    : 1
    ? 'fs1 == 0 and fe1 == 0x1e and fm1 == 0x15e and fs2 == 0 and fe2 == 0x0e and
      fm2 == 0x15f and  fcsr == 0x40 and rm_val == 7  and rs1_nan_prefix == 0xffff
      and rs2_nan_prefix == 0xffff  #nosat'
    : 1
    ? 'fs1 == 0 and fe1 == 0x1e and fm1 == 0x15e and fs2 == 0 and fe2 == 0x0e and
      fm2 == 0x15f and  fcsr == 0x60 and rm_val == 7  and rs1_nan_prefix == 0xffff
      and rs2_nan_prefix == 0xffff  #nosat'
    : 1
    ? 'fs1 == 0 and fe1 == 0x1e and fm1 == 0x15e and fs2 == 0 and fe2 == 0x0e and
      fm2 == 0x15f and  fcsr == 0x80 and rm_val == 7  and rs1_nan_prefix == 0xffff
      and rs2_nan_prefix == 0xffff  #nosat'
    : 1
    ? 'fs1 == 0 and fe1 == 0x1e and fm1 == 0x210 and fs2 == 1 and fe2 == 0x0e and
      fm2 == 0x210 and  fcsr == 0x0 and rm_val == 7  and rs1_nan_prefix == 0xffff
      and rs2_nan_prefix == 0xffff  #nosat'
    : 1
    ? 'fs1 == 0 and fe1 == 0x1e and fm1 == 0x210 and fs2 == 1 and fe2 == 0x0e and
      fm2 == 0x210 and  fcsr == 0x20 and rm_val == 7  and rs1_nan_prefix == 0xffff
      and rs2_nan_prefix == 0xffff  #nosat'
    : 1
    ? 'fs1 == 0 and fe1 == 0x1e and fm1 == 0x210 and fs2 == 1 and fe2 == 0x0e and
      fm2 == 0x210 and  fcsr == 0x40 and rm_val == 7  and rs1_nan_prefix == 0xffff
      and rs2_nan_prefix == 0xffff  #nosat'
    : 1
    ? 'fs1 == 0 and fe1 == 0x1e and fm1 == 0x210 and fs2 == 1 and fe2 == 0x0e and
      fm2 == 0x210 and  fcsr == 0x60 and rm_val == 7  and rs1_nan_prefix == 0xffff
      and rs2_nan_prefix == 0xffff  #nosat'
    : 1
    ? 'fs1 == 0 and fe1 == 0x1e and fm1 == 0x210 and fs2 == 1 and fe2 == 0x0e and
      fm2 == 0x210 and  fcsr == 0x80 and rm_val == 7  and rs1_nan_prefix == 0xffff
      and rs2_nan_prefix == 0xffff  #nosat'
    : 1
    ? 'fs1 == 0 and fe1 == 0x1d and fm1 == 0x0d1 and fs2 == 0 and fe2 == 0x0d and
      fm2 == 0x0d2 and  fcsr == 0x0 and rm_val == 7  and rs1_nan_prefix == 0xffff
      and rs2_nan_prefix == 0xffff  #nosat'
    : 1
    ? 'fs1 == 0 and fe1 == 0x1d and fm1 == 0x0d1 and fs2 == 0 and fe2 == 0x0d and
      fm2 == 0x0d2 and  fcsr == 0x20 and rm_val == 7  and rs1_nan_prefix == 0xffff
      and rs2_nan_prefix == 0xffff  #nosat'
    : 1
    ? 'fs1 == 0 and fe1 == 0x1d and fm1 == 0x0d1 and fs2 == 0 and fe2 == 0x0d and
      fm2 == 0x0d2 and  fcsr == 0x40 and rm_val == 7  and rs1_nan_prefix == 0xffff
      and rs2_nan_prefix == 0xffff  #nosat'
    : 1
    ? 'fs1 == 0 and fe1 == 0x1d and fm1 == 0x0d1 and fs2 == 0 and fe2 == 0x0d and
      fm2 == 0x0d2 and  fcsr == 0x60 and rm_val == 7  and rs1_nan_prefix == 0xffff
      and rs2_nan_prefix == 0xffff  #nosat'
    : 1
    ? 'fs1 == 0 and fe1 == 0x1d and fm1 == 0x0d1 and fs2 == 0 and fe2 == 0x0d and
      fm2 == 0x0d2 and  fcsr == 0x80 and rm_val == 7  and rs1_nan_prefix == 0xffff
      and rs2_nan_prefix == 0xffff  #nosat'
    : 1
    ? 'fs1 == 0 and fe1 == 0x1e and fm1 == 0x2eb and fs2 == 1 and fe2 == 0x0e and
      fm2 == 0x2ec and  fcsr == 0x0 and rm_val == 7  and rs1_nan_prefix == 0xffff
      and rs2_nan_prefix == 0xffff  #nosat'
    : 1
    ? 'fs1 == 0 and fe1 == 0x1e and fm1 == 0x2eb and fs2 == 1 and fe2 == 0x0e and
      fm2 == 0x2ec and  fcsr == 0x20 and rm_val == 7  and rs1_nan_prefix == 0xffff
      and rs2_nan_prefix == 0xffff  #nosat'
    : 1
    ? 'fs1 == 0 and fe1 == 0x1e and fm1 == 0x2eb and fs2 == 1 and fe2 == 0x0e and
      fm2 == 0x2ec and  fcsr == 0x40 and rm_val == 7  and rs1_nan_prefix == 0xffff
      and rs2_nan_prefix == 0xffff  #nosat'
    : 1
    ? 'fs1 == 0 and fe1 == 0x1e and fm1 == 0x2eb and fs2 == 1 and fe2 == 0x0e and
      fm2 == 0x2ec and  fcsr == 0x60 and rm_val == 7  and rs1_nan_prefix == 0xffff
      and rs2_nan_prefix == 0xffff  #nosat'
    : 1
    ? 'fs1 == 0 and fe1 == 0x1e and fm1 == 0x2eb and fs2 == 1 and fe2 == 0x0e and
      fm2 == 0x2ec and  fcsr == 0x80 and rm_val == 7  and rs1_nan_prefix == 0xffff
      and rs2_nan_prefix == 0xffff  #nosat'
    : 1
    ? 'fs1 == 0 and fe1 == 0x1e and fm1 == 0x1bf and fs2 == 0 and fe2 == 0x11 and
      fm2 == 0x1c0 and  fcsr == 0x0 and rm_val == 7  and rs1_nan_prefix == 0xffff
      and rs2_nan_prefix == 0xffff  #nosat'
    : 1
    ? 'fs1 == 0 and fe1 == 0x1e and fm1 == 0x1bf and fs2 == 0 and fe2 == 0x11 and
      fm2 == 0x1c0 and  fcsr == 0x20 and rm_val == 7  and rs1_nan_prefix == 0xffff
      and rs2_nan_prefix == 0xffff  #nosat'
    : 1
    ? 'fs1 == 0 and fe1 == 0x1e and fm1 == 0x1bf and fs2 == 0 and fe2 == 0x11 and
      fm2 == 0x1c0 and  fcsr == 0x40 and rm_val == 7  and rs1_nan_prefix == 0xffff
      and rs2_nan_prefix == 0xffff  #nosat'
    : 1
    ? 'fs1 == 0 and fe1 == 0x1e and fm1 == 0x1bf and fs2 == 0 and fe2 == 0x11 and
      fm2 == 0x1c0 and  fcsr == 0x60 and rm_val == 7  and rs1_nan_prefix == 0xffff
      and rs2_nan_prefix == 0xffff  #nosat'
    : 1
    ? 'fs1 == 0 and fe1 == 0x1e and fm1 == 0x1bf and fs2 == 0 and fe2 == 0x11 and
      fm2 == 0x1c0 and  fcsr == 0x80 and rm_val == 7  and rs1_nan_prefix == 0xffff
      and rs2_nan_prefix == 0xffff  #nosat'
    : 1
    ? 'fs1 == 0 and fe1 == 0x1e and fm1 == 0x1b5 and fs2 == 1 and fe2 == 0x11 and
      fm2 == 0x1b6 and  fcsr == 0x0 and rm_val == 7  and rs1_nan_prefix == 0xffff
      and rs2_nan_prefix == 0xffff  #nosat'
    : 1
    ? 'fs1 == 0 and fe1 == 0x1e and fm1 == 0x1b5 and fs2 == 1 and fe2 == 0x11 and
      fm2 == 0x1b6 and  fcsr == 0x20 and rm_val == 7  and rs1_nan_prefix == 0xffff
      and rs2_nan_prefix == 0xffff  #nosat'
    : 1
    ? 'fs1 == 0 and fe1 == 0x1e and fm1 == 0x1b5 and fs2 == 1 and fe2 == 0x11 and
      fm2 == 0x1b6 and  fcsr == 0x40 and rm_val == 7  and rs1_nan_prefix == 0xffff
      and rs2_nan_prefix == 0xffff  #nosat'
    : 1
    ? 'fs1 == 0 and fe1 == 0x1e and fm1 == 0x1b5 and fs2 == 1 and fe2 == 0x11 and
      fm2 == 0x1b6 and  fcsr == 0x60 and rm_val == 7  and rs1_nan_prefix == 0xffff
      and rs2_nan_prefix == 0xffff  #nosat'
    : 1
    ? 'fs1 == 0 and fe1 == 0x1e and fm1 == 0x1b5 and fs2 == 1 and fe2 == 0x11 and
      fm2 == 0x1b6 and  fcsr == 0x80 and rm_val == 7  and rs1_nan_prefix == 0xffff
      and rs2_nan_prefix == 0xffff  #nosat'
    : 1
    ? 'fs1 == 0 and fe1 == 0x1d and fm1 == 0x251 and fs2 == 0 and fe2 == 0x0f and
      fm2 == 0x251 and  fcsr == 0x0 and rm_val == 7  and rs1_nan_prefix == 0xffff
      and rs2_nan_prefix == 0xffff  #nosat'
    : 1
    ? 'fs1 == 0 and fe1 == 0x1d and fm1 == 0x251 and fs2 == 0 and fe2 == 0x0f and
      fm2 == 0x251 and  fcsr == 0x20 and rm_val == 7  and rs1_nan_prefix == 0xffff
      and rs2_nan_prefix == 0xffff  #nosat'
    : 1
    ? 'fs1 == 0 and fe1 == 0x1d and fm1 == 0x251 and fs2 == 0 and fe2 == 0x0f and
      fm2 == 0x251 and  fcsr == 0x40 and rm_val == 7  and rs1_nan_prefix == 0xffff
      and rs2_nan_prefix == 0xffff  #nosat'
    : 1
    ? 'fs1 == 0 and fe1 == 0x1d and fm1 == 0x251 and fs2 == 0 and fe2 == 0x0f and
      fm2 == 0x251 and  fcsr == 0x60 and rm_val == 7  and rs1_nan_prefix == 0xffff
      and rs2_nan_prefix == 0xffff  #nosat'
    : 1
    ? 'fs1 == 0 and fe1 == 0x1d and fm1 == 0x251 and fs2 == 0 and fe2 == 0x0f and
      fm2 == 0x251 and  fcsr == 0x80 and rm_val == 7  and rs1_nan_prefix == 0xffff
      and rs2_nan_prefix == 0xffff  #nosat'
    : 1
    ? 'fs1 == 0 and fe1 == 0x1d and fm1 == 0x31c and fs2 == 1 and fe2 == 0x0f and
      fm2 == 0x31d and  fcsr == 0x0 and rm_val == 7  and rs1_nan_prefix == 0xffff
      and rs2_nan_prefix == 0xffff  #nosat'
    : 1
    ? 'fs1 == 0 and fe1 == 0x1d and fm1 == 0x31c and fs2 == 1 and fe2 == 0x0f and
      fm2 == 0x31d and  fcsr == 0x20 and rm_val == 7  and rs1_nan_prefix == 0xffff
      and rs2_nan_prefix == 0xffff  #nosat'
    : 1
    ? 'fs1 == 0 and fe1 == 0x1d and fm1 == 0x31c and fs2 == 1 and fe2 == 0x0f and
      fm2 == 0x31d and  fcsr == 0x40 and rm_val == 7  and rs1_nan_prefix == 0xffff
      and rs2_nan_prefix == 0xffff  #nosat'
    : 1
    ? 'fs1 == 0 and fe1 == 0x1d and fm1 == 0x31c and fs2 == 1 and fe2 == 0x0f and
      fm2 == 0x31d and  fcsr == 0x60 and rm_val == 7  and rs1_nan_prefix == 0xffff
      and rs2_nan_prefix == 0xffff  #nosat'
    : 1
    ? 'fs1 == 0 and fe1 == 0x1d and fm1 == 0x31c and fs2 == 1 and fe2 == 0x0f and
      fm2 == 0x31d and  fcsr == 0x80 and rm_val == 7  and rs1_nan_prefix == 0xffff
      and rs2_nan_prefix == 0xffff  #nosat'
    : 1
    ? 'fs1 == 0 and fe1 == 0x1e and fm1 == 0x307 and fs2 == 0 and fe2 == 0x0f and
      fm2 == 0x307 and  fcsr == 0x0 and rm_val == 7  and rs1_nan_prefix == 0xffff
      and rs2_nan_prefix == 0xffff  #nosat'
    : 1
    ? 'fs1 == 0 and fe1 == 0x1e and fm1 == 0x307 and fs2 == 0 and fe2 == 0x0f and
      fm2 == 0x307 and  fcsr == 0x20 and rm_val == 7  and rs1_nan_prefix == 0xffff
      and rs2_nan_prefix == 0xffff  #nosat'
    : 1
    ? 'fs1 == 0 and fe1 == 0x1e and fm1 == 0x307 and fs2 == 0 and fe2 == 0x0f and
      fm2 == 0x307 and  fcsr == 0x40 and rm_val == 7  and rs1_nan_prefix == 0xffff
      and rs2_nan_prefix == 0xffff  #nosat'
    : 1
    ? 'fs1 == 0 and fe1 == 0x1e and fm1 == 0x307 and fs2 == 0 and fe2 == 0x0f and
      fm2 == 0x307 and  fcsr == 0x60 and rm_val == 7  and rs1_nan_prefix == 0xffff
      and rs2_nan_prefix == 0xffff  #nosat'
    : 1
    ? 'fs1 == 0 and fe1 == 0x1e and fm1 == 0x307 and fs2 == 0 and fe2 == 0x0f and
      fm2 == 0x307 and  fcsr == 0x80 and rm_val == 7  and rs1_nan_prefix == 0xffff
      and rs2_nan_prefix == 0xffff  #nosat'
    : 1
    ? 'fs1 == 0 and fe1 == 0x1c and fm1 == 0x059 and fs2 == 1 and fe2 == 0x0d and
      fm2 == 0x059 and  fcsr == 0x0 and rm_val == 7  and rs1_nan_prefix == 0xffff
      and rs2_nan_prefix == 0xffff  #nosat'
    : 1
    ? 'fs1 == 0 and fe1 == 0x1c and fm1 == 0x059 and fs2 == 1 and fe2 == 0x0d and
      fm2 == 0x059 and  fcsr == 0x20 and rm_val == 7  and rs1_nan_prefix == 0xffff
      and rs2_nan_prefix == 0xffff  #nosat'
    : 1
    ? 'fs1 == 0 and fe1 == 0x1c and fm1 == 0x059 and fs2 == 1 and fe2 == 0x0d and
      fm2 == 0x059 and  fcsr == 0x40 and rm_val == 7  and rs1_nan_prefix == 0xffff
      and rs2_nan_prefix == 0xffff  #nosat'
    : 1
    ? 'fs1 == 0 and fe1 == 0x1c and fm1 == 0x059 and fs2 == 1 and fe2 == 0x0d and
      fm2 == 0x059 and  fcsr == 0x60 and rm_val == 7  and rs1_nan_prefix == 0xffff
      and rs2_nan_prefix == 0xffff  #nosat'
    : 1
    ? 'fs1 == 0 and fe1 == 0x1c and fm1 == 0x059 and fs2 == 1 and fe2 == 0x0d and
      fm2 == 0x059 and  fcsr == 0x80 and rm_val == 7  and rs1_nan_prefix == 0xffff
      and rs2_nan_prefix == 0xffff  #nosat'
    : 1
    ? 'fs1 == 0 and fe1 == 0x1e and fm1 == 0x3b8 and fs2 == 0 and fe2 == 0x0e and
      fm2 == 0x3b9 and  fcsr == 0x0 and rm_val == 7  and rs1_nan_prefix == 0xffff
      and rs2_nan_prefix == 0xffff  #nosat'
    : 1
    ? 'fs1 == 0 and fe1 == 0x1e and fm1 == 0x3b8 and fs2 == 0 and fe2 == 0x0e and
      fm2 == 0x3b9 and  fcsr == 0x20 and rm_val == 7  and rs1_nan_prefix == 0xffff
      and rs2_nan_prefix == 0xffff  #nosat'
    : 1
    ? 'fs1 == 0 and fe1 == 0x1e and fm1 == 0x3b8 and fs2 == 0 and fe2 == 0x0e and
      fm2 == 0x3b9 and  fcsr == 0x40 and rm_val == 7  and rs1_nan_prefix == 0xffff
      and rs2_nan_prefix == 0xffff  #nosat'
    : 1
    ? 'fs1 == 0 and fe1 == 0x1e and fm1 == 0x3b8 and fs2 == 0 and fe2 == 0x0e and
      fm2 == 0x3b9 and  fcsr == 0x60 and rm_val == 7  and rs1_nan_prefix == 0xffff
      and rs2_nan_prefix == 0xffff  #nosat'
    : 1
    ? 'fs1 == 0 and fe1 == 0x1e and fm1 == 0x3b8 and fs2 == 0 and fe2 == 0x0e and
      fm2 == 0x3b9 and  fcsr == 0x80 and rm_val == 7  and rs1_nan_prefix == 0xffff
      and rs2_nan_prefix == 0xffff  #nosat'
    : 1
    ? 'fs1 == 0 and fe1 == 0x1e and fm1 == 0x102 and fs2 == 1 and fe2 == 0x0e and
      fm2 == 0x103 and  fcsr == 0x0 and rm_val == 7  and rs1_nan_prefix == 0xffff
      and rs2_nan_prefix == 0xffff  #nosat'
    : 1
    ? 'fs1 == 0 and fe1 == 0x1e and fm1 == 0x102 and fs2 == 1 and fe2 == 0x0e and
      fm2 == 0x103 and  fcsr == 0x20 and rm_val == 7  and rs1_nan_prefix == 0xffff
      and rs2_nan_prefix == 0xffff  #nosat'
    : 1
    ? 'fs1 == 0 and fe1 == 0x1e and fm1 == 0x102 and fs2 == 1 and fe2 == 0x0e and
      fm2 == 0x103 and  fcsr == 0x40 and rm_val == 7  and rs1_nan_prefix == 0xffff
      and rs2_nan_prefix == 0xffff  #nosat'
    : 1
    ? 'fs1 == 0 and fe1 == 0x1e and fm1 == 0x102 and fs2 == 1 and fe2 == 0x0e and
      fm2 == 0x103 and  fcsr == 0x60 and rm_val == 7  and rs1_nan_prefix == 0xffff
      and rs2_nan_prefix == 0xffff  #nosat'
    : 1
    ? 'fs1 == 0 and fe1 == 0x1e and fm1 == 0x102 and fs2 == 1 and fe2 == 0x0e and
      fm2 == 0x103 and  fcsr == 0x80 and rm_val == 7  and rs1_nan_prefix == 0xffff
      and rs2_nan_prefix == 0xffff  #nosat'
    : 1
    ? 'fs1 == 0 and fe1 == 0x1e and fm1 == 0x00e and fs2 == 0 and fe2 == 0x0d and
      fm2 == 0x00e and  fcsr == 0x0 and rm_val == 7  and rs1_nan_prefix == 0xffff
      and rs2_nan_prefix == 0xffff  #nosat'
    : 1
    ? 'fs1 == 0 and fe1 == 0x1e and fm1 == 0x00e and fs2 == 0 and fe2 == 0x0d and
      fm2 == 0x00e and  fcsr == 0x20 and rm_val == 7  and rs1_nan_prefix == 0xffff
      and rs2_nan_prefix == 0xffff  #nosat'
    : 1
    ? 'fs1 == 0 and fe1 == 0x1e and fm1 == 0x00e and fs2 == 0 and fe2 == 0x0d and
      fm2 == 0x00e and  fcsr == 0x40 and rm_val == 7  and rs1_nan_prefix == 0xffff
      and rs2_nan_prefix == 0xffff  #nosat'
    : 1
    ? 'fs1 == 0 and fe1 == 0x1e and fm1 == 0x00e and fs2 == 0 and fe2 == 0x0d and
      fm2 == 0x00e and  fcsr == 0x60 and rm_val == 7  and rs1_nan_prefix == 0xffff
      and rs2_nan_prefix == 0xffff  #nosat'
    : 1
    ? 'fs1 == 0 and fe1 == 0x1e and fm1 == 0x00e and fs2 == 0 and fe2 == 0x0d and
      fm2 == 0x00e and  fcsr == 0x80 and rm_val == 7  and rs1_nan_prefix == 0xffff
      and rs2_nan_prefix == 0xffff  #nosat'
    : 1
    ? 'fs1 == 0 and fe1 == 0x1d and fm1 == 0x19c and fs2 == 1 and fe2 == 0x0c and
      fm2 == 0x19d and  fcsr == 0x0 and rm_val == 7  and rs1_nan_prefix == 0xffff
      and rs2_nan_prefix == 0xffff  #nosat'
    : 1
    ? 'fs1 == 0 and fe1 == 0x1d and fm1 == 0x19c and fs2 == 1 and fe2 == 0x0c and
      fm2 == 0x19d and  fcsr == 0x20 and rm_val == 7  and rs1_nan_prefix == 0xffff
      and rs2_nan_prefix == 0xffff  #nosat'
    : 1
    ? 'fs1 == 0 and fe1 == 0x1d and fm1 == 0x19c and fs2 == 1 and fe2 == 0x0c and
      fm2 == 0x19d and  fcsr == 0x40 and rm_val == 7  and rs1_nan_prefix == 0xffff
      and rs2_nan_prefix == 0xffff  #nosat'
    : 1
    ? 'fs1 == 0 and fe1 == 0x1d and fm1 == 0x19c and fs2 == 1 and fe2 == 0x0c and
      fm2 == 0x19d and  fcsr == 0x60 and rm_val == 7  and rs1_nan_prefix == 0xffff
      and rs2_nan_prefix == 0xffff  #nosat'
    : 1
    ? 'fs1 == 0 and fe1 == 0x1d and fm1 == 0x19c and fs2 == 1 and fe2 == 0x0c and
      fm2 == 0x19d and  fcsr == 0x80 and rm_val == 7  and rs1_nan_prefix == 0xffff
      and rs2_nan_prefix == 0xffff  #nosat'
    : 1
    ? 'fs1 == 0 and fe1 == 0x1e and fm1 == 0x0ab and fs2 == 0 and fe2 == 0x0c and
      fm2 == 0x0ac and  fcsr == 0x0 and rm_val == 7  and rs1_nan_prefix == 0xffff
      and rs2_nan_prefix == 0xffff  #nosat'
    : 1
    ? 'fs1 == 0 and fe1 == 0x1e and fm1 == 0x0ab and fs2 == 0 and fe2 == 0x0c and
      fm2 == 0x0ac and  fcsr == 0x20 and rm_val == 7  and rs1_nan_prefix == 0xffff
      and rs2_nan_prefix == 0xffff  #nosat'
    : 1
    ? 'fs1 == 0 and fe1 == 0x1e and fm1 == 0x0ab and fs2 == 0 and fe2 == 0x0c and
      fm2 == 0x0ac and  fcsr == 0x40 and rm_val == 7  and rs1_nan_prefix == 0xffff
      and rs2_nan_prefix == 0xffff  #nosat'
    : 1
    ? 'fs1 == 0 and fe1 == 0x1e and fm1 == 0x0ab and fs2 == 0 and fe2 == 0x0c and
      fm2 == 0x0ac and  fcsr == 0x60 and rm_val == 7  and rs1_nan_prefix == 0xffff
      and rs2_nan_prefix == 0xffff  #nosat'
    : 1
    ? 'fs1 == 0 and fe1 == 0x1e and fm1 == 0x0ab and fs2 == 0 and fe2 == 0x0c and
      fm2 == 0x0ac and  fcsr == 0x80 and rm_val == 7  and rs1_nan_prefix == 0xffff
      and rs2_nan_prefix == 0xffff  #nosat'
    : 1
    ? 'fs1 == 0 and fe1 == 0x1e and fm1 == 0x174 and fs2 == 1 and fe2 == 0x0c and
      fm2 == 0x174 and  fcsr == 0x0 and rm_val == 7  and rs1_nan_prefix == 0xffff
      and rs2_nan_prefix == 0xffff  #nosat'
    : 1
    ? 'fs1 == 0 and fe1 == 0x1e and fm1 == 0x174 and fs2 == 1 and fe2 == 0x0c and
      fm2 == 0x174 and  fcsr == 0x20 and rm_val == 7  and rs1_nan_prefix == 0xffff
      and rs2_nan_prefix == 0xffff  #nosat'
    : 1
    ? 'fs1 == 0 and fe1 == 0x1e and fm1 == 0x174 and fs2 == 1 and fe2 == 0x0c and
      fm2 == 0x174 and  fcsr == 0x40 and rm_val == 7  and rs1_nan_prefix == 0xffff
      and rs2_nan_prefix == 0xffff  #nosat'
    : 1
    ? 'fs1 == 0 and fe1 == 0x1e and fm1 == 0x174 and fs2 == 1 and fe2 == 0x0c and
      fm2 == 0x174 and  fcsr == 0x60 and rm_val == 7  and rs1_nan_prefix == 0xffff
      and rs2_nan_prefix == 0xffff  #nosat'
    : 1
    ? 'fs1 == 0 and fe1 == 0x1e and fm1 == 0x174 and fs2 == 1 and fe2 == 0x0c and
      fm2 == 0x174 and  fcsr == 0x80 and rm_val == 7  and rs1_nan_prefix == 0xffff
      and rs2_nan_prefix == 0xffff  #nosat'
    : 1
    ? 'fs1 == 0 and fe1 == 0x1e and fm1 == 0x2d9 and fs2 == 0 and fe2 == 0x0b and
      fm2 == 0x2d9 and  fcsr == 0x0 and rm_val == 7  and rs1_nan_prefix == 0xffff
      and rs2_nan_prefix == 0xffff  #nosat'
    : 1
    ? 'fs1 == 0 and fe1 == 0x1e and fm1 == 0x2d9 and fs2 == 0 and fe2 == 0x0b and
      fm2 == 0x2d9 and  fcsr == 0x20 and rm_val == 7  and rs1_nan_prefix == 0xffff
      and rs2_nan_prefix == 0xffff  #nosat'
    : 1
    ? 'fs1 == 0 and fe1 == 0x1e and fm1 == 0x2d9 and fs2 == 0 and fe2 == 0x0b and
      fm2 == 0x2d9 and  fcsr == 0x40 and rm_val == 7  and rs1_nan_prefix == 0xffff
      and rs2_nan_prefix == 0xffff  #nosat'
    : 1
    ? 'fs1 == 0 and fe1 == 0x1e and fm1 == 0x2d9 and fs2 == 0 and fe2 == 0x0b and
      fm2 == 0x2d9 and  fcsr == 0x60 and rm_val == 7  and rs1_nan_prefix == 0xffff
      and rs2_nan_prefix == 0xffff  #nosat'
    : 1
    ? 'fs1 == 0 and fe1 == 0x1e and fm1 == 0x2d9 and fs2 == 0 and fe2 == 0x0b and
      fm2 == 0x2d9 and  fcsr == 0x80 and rm_val == 7  and rs1_nan_prefix == 0xffff
      and rs2_nan_prefix == 0xffff  #nosat'
    : 1
    ? 'fs1 == 0 and fe1 == 0x1e and fm1 == 0x15e and fs2 == 1 and fe2 == 0x0b and
      fm2 == 0x15e and  fcsr == 0x0 and rm_val == 7  and rs1_nan_prefix == 0xffff
      and rs2_nan_prefix == 0xffff  #nosat'
    : 1
    ? 'fs1 == 0 and fe1 == 0x1e and fm1 == 0x15e and fs2 == 1 and fe2 == 0x0b and
      fm2 == 0x15e and  fcsr == 0x20 and rm_val == 7  and rs1_nan_prefix == 0xffff
      and rs2_nan_prefix == 0xffff  #nosat'
    : 1
    ? 'fs1 == 0 and fe1 == 0x1e and fm1 == 0x15e and fs2 == 1 and fe2 == 0x0b and
      fm2 == 0x15e and  fcsr == 0x40 and rm_val == 7  and rs1_nan_prefix == 0xffff
      and rs2_nan_prefix == 0xffff  #nosat'
    : 1
    ? 'fs1 == 0 and fe1 == 0x1e and fm1 == 0x15e and fs2 == 1 and fe2 == 0x0b and
      fm2 == 0x15e and  fcsr == 0x60 and rm_val == 7  and rs1_nan_prefix == 0xffff
      and rs2_nan_prefix == 0xffff  #nosat'
    : 1
    ? 'fs1 == 0 and fe1 == 0x1e and fm1 == 0x15e and fs2 == 1 and fe2 == 0x0b and
      fm2 == 0x15e and  fcsr == 0x80 and rm_val == 7  and rs1_nan_prefix == 0xffff
      and rs2_nan_prefix == 0xffff  #nosat'
    : 1
    coverage: 140/140
  total_coverage: 242/242
