---
fdiv_b2:
  config:
  - check ISA:=regex(.*I.*F.*)
  mnemonics:
    fdiv.h: 122
    coverage: 1/1
  op_comb:
    rs1 != rs2  and rs1 != rd and rs2 != rd: 118
    rs1 == rd != rs2: 1
    rs1 == rs2 != rd: 1
    rs1 == rs2 == rd: 1
    rs2 == rd != rs1: 1
    coverage: 5/5
  rd:
    f0: 1
    f1: 1
    f10: 1
    f11: 1
    f12: 1
    f13: 1
    f14: 1
    f15: 1
    f16: 1
    f17: 1
    f18: 1
    f19: 1
    f2: 1
    f20: 1
    f21: 1
    f22: 1
    f23: 1
    f24: 1
    f25: 1
    f26: 1
    f27: 1
    f28: 1
    f29: 1
    f3: 1
    f30: 1
    f31: 91
    f4: 1
    f5: 1
    f6: 1
    f7: 1
    f8: 1
    f9: 1
    coverage: 32/32
  rs1:
    f0: 1
    f1: 1
    f10: 1
    f11: 1
    f12: 1
    f13: 1
    f14: 1
    f15: 1
    f16: 1
    f17: 1
    f18: 1
    f19: 1
    f2: 1
    f20: 1
    f21: 1
    f22: 1
    f23: 1
    f24: 1
    f25: 1
    f26: 1
    f27: 1
    f28: 1
    f29: 1
    f3: 1
    f30: 91
    f31: 1
    f4: 1
    f5: 1
    f6: 1
    f7: 1
    f8: 1
    f9: 1
    coverage: 32/32
  rs2:
    f0: 1
    f1: 1
    f10: 1
    f11: 1
    f12: 1
    f13: 1
    f14: 1
    f15: 1
    f16: 1
    f17: 1
    f18: 1
    f19: 1
    f2: 1
    f20: 1
    f21: 1
    f22: 1
    f23: 1
    f24: 1
    f25: 1
    f26: 1
    f27: 1
    f28: 1
    f29: 91
    f3: 1
    f30: 1
    f31: 1
    f4: 1
    f5: 1
    f6: 1
    f7: 1
    f8: 1
    f9: 1
    coverage: 32/32
  val_comb:
    ? 'fs1 == 0 and fe1 == 0x00 and fm1 == 0x01f and fs2 == 0 and fe2 == 0x13 and
      fm2 == 0x3b2 and  fcsr == 0x0 and rm_val == 7  and rs1_nan_prefix == 0xffff
      and rs2_nan_prefix == 0xffff  #nosat'
    : 1
    ? 'fs1 == 0 and fe1 == 0x00 and fm1 == 0x046 and fs2 == 0 and fe2 == 0x14 and
      fm2 == 0x060 and  fcsr == 0x0 and rm_val == 7  and rs1_nan_prefix == 0xffff
      and rs2_nan_prefix == 0xffff  #nosat'
    : 1
    ? 'fs1 == 0 and fe1 == 0x00 and fm1 == 0x030 and fs2 == 0 and fe2 == 0x12 and
      fm2 == 0x200 and  fcsr == 0x0 and rm_val == 7  and rs1_nan_prefix == 0xffff
      and rs2_nan_prefix == 0xffff  #nosat'
    : 1
    ? 'fs1 == 0 and fe1 == 0x00 and fm1 == 0x03d and fs2 == 0 and fe2 == 0x11 and
      fm2 == 0x3a0 and  fcsr == 0x0 and rm_val == 7  and rs1_nan_prefix == 0xffff
      and rs2_nan_prefix == 0xffff  #nosat'
    : 1
    ? 'fs1 == 0 and fe1 == 0x00 and fm1 == 0x04b and fs2 == 0 and fe2 == 0x11 and
      fm2 == 0x0b0 and  fcsr == 0x0 and rm_val == 7  and rs1_nan_prefix == 0xffff
      and rs2_nan_prefix == 0xffff  #nosat'
    : 1
    ? 'fs1 == 0 and fe1 == 0x00 and fm1 == 0x04e and fs2 == 0 and fe2 == 0x10 and
      fm2 == 0x0e0 and  fcsr == 0x0 and rm_val == 7  and rs1_nan_prefix == 0xffff
      and rs2_nan_prefix == 0xffff  #nosat'
    : 1
    ? 'fs1 == 0 and fe1 == 0x00 and fm1 == 0x03d and fs2 == 0 and fe2 == 0x0e and
      fm2 == 0x3a0 and  fcsr == 0x0 and rm_val == 7  and rs1_nan_prefix == 0xffff
      and rs2_nan_prefix == 0xffff  #nosat'
    : 1
    ? 'fs1 == 0 and fe1 == 0x00 and fm1 == 0x047 and fs2 == 0 and fe2 == 0x0e and
      fm2 == 0x070 and  fcsr == 0x0 and rm_val == 7  and rs1_nan_prefix == 0xffff
      and rs2_nan_prefix == 0xffff  #nosat'
    : 1
    ? 'fs1 == 0 and fe1 == 0x00 and fm1 == 0x019 and fs2 == 0 and fe2 == 0x0b and
      fm2 == 0x240 and  fcsr == 0x0 and rm_val == 7  and rs1_nan_prefix == 0xffff
      and rs2_nan_prefix == 0xffff  #nosat'
    : 1
    ? 'fs1 == 0 and fe1 == 0x00 and fm1 == 0x03d and fs2 == 0 and fe2 == 0x0b and
      fm2 == 0x3a0 and  fcsr == 0x0 and rm_val == 7  and rs1_nan_prefix == 0xffff
      and rs2_nan_prefix == 0xffff  #nosat'
    : 1
    ? 'fs1 == 0 and fe1 == 0x00 and fm1 == 0x047 and fs2 == 1 and fe2 == 0x15 and
      fm2 == 0x068 and  fcsr == 0x0 and rm_val == 7  and rs1_nan_prefix == 0xffff
      and rs2_nan_prefix == 0xffff  #nosat'
    : 1
    ? 'fs1 == 0 and fe1 == 0x00 and fm1 == 0x033 and fs2 == 1 and fe2 == 0x13 and
      fm2 == 0x260 and  fcsr == 0x0 and rm_val == 7  and rs1_nan_prefix == 0xffff
      and rs2_nan_prefix == 0xffff  #nosat'
    : 1
    ? 'fs1 == 0 and fe1 == 0x00 and fm1 == 0x014 and fs2 == 1 and fe2 == 0x11 and
      fm2 == 0x100 and  fcsr == 0x0 and rm_val == 7  and rs1_nan_prefix == 0xffff
      and rs2_nan_prefix == 0xffff  #nosat'
    : 1
    ? 'fs1 == 0 and fe1 == 0x00 and fm1 == 0x052 and fs2 == 1 and fe2 == 0x12 and
      fm2 == 0x120 and  fcsr == 0x0 and rm_val == 7  and rs1_nan_prefix == 0xffff
      and rs2_nan_prefix == 0xffff  #nosat'
    : 1
    ? 'fs1 == 0 and fe1 == 0x00 and fm1 == 0x043 and fs2 == 1 and fe2 == 0x11 and
      fm2 == 0x030 and  fcsr == 0x0 and rm_val == 7  and rs1_nan_prefix == 0xffff
      and rs2_nan_prefix == 0xffff  #nosat'
    : 1
    ? 'fs1 == 0 and fe1 == 0x00 and fm1 == 0x05f and fs2 == 1 and fe2 == 0x10 and
      fm2 == 0x1f0 and  fcsr == 0x0 and rm_val == 7  and rs1_nan_prefix == 0xffff
      and rs2_nan_prefix == 0xffff  #nosat'
    : 1
    ? 'fs1 == 0 and fe1 == 0x00 and fm1 == 0x056 and fs2 == 1 and fe2 == 0x0f and
      fm2 == 0x160 and  fcsr == 0x0 and rm_val == 7  and rs1_nan_prefix == 0xffff
      and rs2_nan_prefix == 0xffff  #nosat'
    : 1
    ? 'fs1 == 0 and fe1 == 0x00 and fm1 == 0x015 and fs2 == 1 and fe2 == 0x0c and
      fm2 == 0x140 and  fcsr == 0x0 and rm_val == 7  and rs1_nan_prefix == 0xffff
      and rs2_nan_prefix == 0xffff  #nosat'
    : 1
    ? 'fs1 == 0 and fe1 == 0x00 and fm1 == 0x04c and fs2 == 1 and fe2 == 0x0d and
      fm2 == 0x0c0 and  fcsr == 0x0 and rm_val == 7  and rs1_nan_prefix == 0xffff
      and rs2_nan_prefix == 0xffff  #nosat'
    : 1
    ? 'fs1 == 0 and fe1 == 0x00 and fm1 == 0x027 and fs2 == 1 and fe2 == 0x0b and
      fm2 == 0x0e0 and  fcsr == 0x0 and rm_val == 7  and rs1_nan_prefix == 0xffff
      and rs2_nan_prefix == 0xffff  #nosat'
    : 1
    ? 'fs1 == 0 and fe1 == 0x0f and fm1 == 0x023 and fs2 == 0 and fe2 == 0x0f and
      fm2 == 0x021 and  fcsr == 0x0 and rm_val == 7  and rs1_nan_prefix == 0xffff
      and rs2_nan_prefix == 0xffff  #nosat'
    : 1
    ? 'fs1 == 0 and fe1 == 0x0f and fm1 == 0x04d and fs2 == 0 and fe2 == 0x0f and
      fm2 == 0x04a and  fcsr == 0x0 and rm_val == 7  and rs1_nan_prefix == 0xffff
      and rs2_nan_prefix == 0xffff  #nosat'
    : 1
    ? 'fs1 == 0 and fe1 == 0x0f and fm1 == 0x032 and fs2 == 0 and fe2 == 0x0f and
      fm2 == 0x02d and  fcsr == 0x0 and rm_val == 7  and rs1_nan_prefix == 0xffff
      and rs2_nan_prefix == 0xffff  #nosat'
    : 1
    ? 'fs1 == 0 and fe1 == 0x0f and fm1 == 0x037 and fs2 == 0 and fe2 == 0x0f and
      fm2 == 0x02e and  fcsr == 0x0 and rm_val == 7  and rs1_nan_prefix == 0xffff
      and rs2_nan_prefix == 0xffff  #nosat'
    : 1
    ? 'fs1 == 0 and fe1 == 0x0f and fm1 == 0x05e and fs2 == 0 and fe2 == 0x0f and
      fm2 == 0x04c and  fcsr == 0x0 and rm_val == 7  and rs1_nan_prefix == 0xffff
      and rs2_nan_prefix == 0xffff  #nosat'
    : 1
    ? 'fs1 == 0 and fe1 == 0x0f and fm1 == 0x039 and fs2 == 0 and fe2 == 0x0f and
      fm2 == 0x018 and  fcsr == 0x0 and rm_val == 7  and rs1_nan_prefix == 0xffff
      and rs2_nan_prefix == 0xffff  #nosat'
    : 1
    ? 'fs1 == 0 and fe1 == 0x0f and fm1 == 0x02f and fs2 == 0 and fe2 == 0x0e and
      fm2 == 0x3e0 and  fcsr == 0x0 and rm_val == 7  and rs1_nan_prefix == 0xffff
      and rs2_nan_prefix == 0xffff  #nosat'
    : 1
    ? 'fs1 == 0 and fe1 == 0x0f and fm1 == 0x005 and fs2 == 0 and fe2 == 0x0e and
      fm2 == 0x325 and  fcsr == 0x0 and rm_val == 7  and rs1_nan_prefix == 0xffff
      and rs2_nan_prefix == 0xffff  #nosat'
    : 1
    ? 'fs1 == 0 and fe1 == 0x0f and fm1 == 0x040 and fs2 == 0 and fe2 == 0x0e and
      fm2 == 0x2cc and  fcsr == 0x0 and rm_val == 7  and rs1_nan_prefix == 0xffff
      and rs2_nan_prefix == 0xffff  #nosat'
    : 1
    ? 'fs1 == 0 and fe1 == 0x0f and fm1 == 0x022 and fs2 == 0 and fe2 == 0x0e and
      fm2 == 0x182 and  fcsr == 0x0 and rm_val == 7  and rs1_nan_prefix == 0xffff
      and rs2_nan_prefix == 0xffff  #nosat'
    : 1
    ? 'fs1 == 0 and fe1 == 0x0f and fm1 == 0x038 and fs2 == 1 and fe2 == 0x0f and
      fm2 == 0x036 and  fcsr == 0x0 and rm_val == 7  and rs1_nan_prefix == 0xffff
      and rs2_nan_prefix == 0xffff  #nosat'
    : 1
    ? 'fs1 == 0 and fe1 == 0x0f and fm1 == 0x027 and fs2 == 1 and fe2 == 0x0f and
      fm2 == 0x024 and  fcsr == 0x0 and rm_val == 7  and rs1_nan_prefix == 0xffff
      and rs2_nan_prefix == 0xffff  #nosat'
    : 1
    ? 'fs1 == 0 and fe1 == 0x0f and fm1 == 0x041 and fs2 == 1 and fe2 == 0x0f and
      fm2 == 0x03c and  fcsr == 0x0 and rm_val == 7  and rs1_nan_prefix == 0xffff
      and rs2_nan_prefix == 0xffff  #nosat'
    : 1
    ? 'fs1 == 0 and fe1 == 0x0f and fm1 == 0x04a and fs2 == 1 and fe2 == 0x0f and
      fm2 == 0x041 and  fcsr == 0x0 and rm_val == 7  and rs1_nan_prefix == 0xffff
      and rs2_nan_prefix == 0xffff  #nosat'
    : 1
    ? 'fs1 == 0 and fe1 == 0x0f and fm1 == 0x045 and fs2 == 1 and fe2 == 0x0f and
      fm2 == 0x034 and  fcsr == 0x0 and rm_val == 7  and rs1_nan_prefix == 0xffff
      and rs2_nan_prefix == 0xffff  #nosat'
    : 1
    ? 'fs1 == 0 and fe1 == 0x0f and fm1 == 0x035 and fs2 == 1 and fe2 == 0x0f and
      fm2 == 0x014 and  fcsr == 0x0 and rm_val == 7  and rs1_nan_prefix == 0xffff
      and rs2_nan_prefix == 0xffff  #nosat'
    : 1
    ? 'fs1 == 0 and fe1 == 0x0f and fm1 == 0x01e and fs2 == 1 and fe2 == 0x0e and
      fm2 == 0x3c0 and  fcsr == 0x0 and rm_val == 7  and rs1_nan_prefix == 0xffff
      and rs2_nan_prefix == 0xffff  #nosat'
    : 1
    ? 'fs1 == 0 and fe1 == 0x0f and fm1 == 0x058 and fs2 == 1 and fe2 == 0x0e and
      fm2 == 0x3b8 and  fcsr == 0x0 and rm_val == 7  and rs1_nan_prefix == 0xffff
      and rs2_nan_prefix == 0xffff  #nosat'
    : 1
    ? 'fs1 == 0 and fe1 == 0x0f and fm1 == 0x024 and fs2 == 1 and fe2 == 0x0e and
      fm2 == 0x2a0 and  fcsr == 0x0 and rm_val == 7  and rs1_nan_prefix == 0xffff
      and rs2_nan_prefix == 0xffff  #nosat'
    : 1
    ? 'fs1 == 0 and fe1 == 0x0f and fm1 == 0x056 and fs2 == 1 and fe2 == 0x0e and
      fm2 == 0x1c8 and  fcsr == 0x0 and rm_val == 7  and rs1_nan_prefix == 0xffff
      and rs2_nan_prefix == 0xffff  #nosat'
    : 1
    ? 'fs1 == 0 and fe1 == 0x00 and fm1 == 0x015 and fs2 == 0 and fe2 == 0x13 and
      fm2 == 0x137 and  fcsr == 0x0 and rm_val == 7  and rs1_nan_prefix == 0xffff
      and rs2_nan_prefix == 0xffff  #nosat'
    : 1
    ? 'fs1 == 0 and fe1 == 0x00 and fm1 == 0x02a and fs2 == 0 and fe2 == 0x12 and
      fm2 == 0x300 and  fcsr == 0x0 and rm_val == 7  and rs1_nan_prefix == 0xffff
      and rs2_nan_prefix == 0xffff  #nosat'
    : 1
    ? 'fs1 == 0 and fe1 == 0x00 and fm1 == 0x04a and fs2 == 0 and fe2 == 0x12 and
      fm2 == 0x366 and  fcsr == 0x0 and rm_val == 7  and rs1_nan_prefix == 0xffff
      and rs2_nan_prefix == 0xffff  #nosat'
    : 1
    ? 'fs1 == 0 and fe1 == 0x00 and fm1 == 0x00e and fs2 == 0 and fe2 == 0x0f and
      fm2 == 0x238 and  fcsr == 0x0 and rm_val == 7  and rs1_nan_prefix == 0xffff
      and rs2_nan_prefix == 0xffff  #nosat'
    : 1
    ? 'fs1 == 0 and fe1 == 0x00 and fm1 == 0x054 and fs2 == 0 and fe2 == 0x11 and
      fm2 == 0x0f0 and  fcsr == 0x0 and rm_val == 7  and rs1_nan_prefix == 0xffff
      and rs2_nan_prefix == 0xffff  #nosat'
    : 1
    ? 'fs1 == 0 and fe1 == 0x00 and fm1 == 0x052 and fs2 == 0 and fe2 == 0x10 and
      fm2 == 0x0f8 and  fcsr == 0x0 and rm_val == 7  and rs1_nan_prefix == 0xffff
      and rs2_nan_prefix == 0xffff  #nosat'
    : 1
    ? 'fs1 == 0 and fe1 == 0x00 and fm1 == 0x023 and fs2 == 0 and fe2 == 0x0e and
      fm2 == 0x04e and  fcsr == 0x0 and rm_val == 7  and rs1_nan_prefix == 0xffff
      and rs2_nan_prefix == 0xffff  #nosat'
    : 1
    ? 'fs1 == 0 and fe1 == 0x00 and fm1 == 0x010 and fs2 == 0 and fe2 == 0x0b and
      fm2 == 0x3f0 and  fcsr == 0x0 and rm_val == 7  and rs1_nan_prefix == 0xffff
      and rs2_nan_prefix == 0xffff  #nosat'
    : 1
    ? 'fs1 == 0 and fe1 == 0x00 and fm1 == 0x03e and fs2 == 0 and fe2 == 0x0c and
      fm2 == 0x3b8 and  fcsr == 0x0 and rm_val == 7  and rs1_nan_prefix == 0xffff
      and rs2_nan_prefix == 0xffff  #nosat'
    : 1
    ? 'fs1 == 0 and fe1 == 0x00 and fm1 == 0x03e and fs2 == 0 and fe2 == 0x0b and
      fm2 == 0x3bc and  fcsr == 0x0 and rm_val == 7  and rs1_nan_prefix == 0xffff
      and rs2_nan_prefix == 0xffff  #nosat'
    : 1
    ? 'fs1 == 0 and fe1 == 0x00 and fm1 == 0x02d and fs2 == 1 and fe2 == 0x14 and
      fm2 == 0x196 and  fcsr == 0x0 and rm_val == 7  and rs1_nan_prefix == 0xffff
      and rs2_nan_prefix == 0xffff  #nosat'
    : 1
    ? 'fs1 == 0 and fe1 == 0x00 and fm1 == 0x035 and fs2 == 1 and fe2 == 0x13 and
      fm2 == 0x06a and  fcsr == 0x0 and rm_val == 7  and rs1_nan_prefix == 0xffff
      and rs2_nan_prefix == 0xffff  #nosat'
    : 1
    ? 'fs1 == 0 and fe1 == 0x00 and fm1 == 0x003 and fs2 == 1 and fe2 == 0x0e and
      fm2 == 0x0cc and  fcsr == 0x0 and rm_val == 7  and rs1_nan_prefix == 0xffff
      and rs2_nan_prefix == 0xffff  #nosat'
    : 1
    ? 'fs1 == 0 and fe1 == 0x00 and fm1 == 0x037 and fs2 == 1 and fe2 == 0x11 and
      fm2 == 0x21c and  fcsr == 0x0 and rm_val == 7  and rs1_nan_prefix == 0xffff
      and rs2_nan_prefix == 0xffff  #nosat'
    : 1
    ? 'fs1 == 0 and fe1 == 0x00 and fm1 == 0x036 and fs2 == 1 and fe2 == 0x10 and
      fm2 == 0x25a and  fcsr == 0x0 and rm_val == 7  and rs1_nan_prefix == 0xffff
      and rs2_nan_prefix == 0xffff  #nosat'
    : 1
    ? 'fs1 == 0 and fe1 == 0x00 and fm1 == 0x006 and fs2 == 1 and fe2 == 0x0c and
      fm2 == 0x1d1 and  fcsr == 0x0 and rm_val == 7  and rs1_nan_prefix == 0xffff
      and rs2_nan_prefix == 0xffff  #nosat'
    : 1
    ? 'fs1 == 0 and fe1 == 0x00 and fm1 == 0x04f and fs2 == 1 and fe2 == 0x0f and
      fm2 == 0x0dc and  fcsr == 0x0 and rm_val == 7  and rs1_nan_prefix == 0xffff
      and rs2_nan_prefix == 0xffff  #nosat'
    : 1
    ? 'fs1 == 0 and fe1 == 0x00 and fm1 == 0x006 and fs2 == 1 and fe2 == 0x0a and
      fm2 == 0x1f4 and  fcsr == 0x0 and rm_val == 7  and rs1_nan_prefix == 0xffff
      and rs2_nan_prefix == 0xffff  #nosat'
    : 1
    ? 'fs1 == 0 and fe1 == 0x00 and fm1 == 0x05c and fs2 == 1 and fe2 == 0x0d and
      fm2 == 0x1ba and  fcsr == 0x0 and rm_val == 7  and rs1_nan_prefix == 0xffff
      and rs2_nan_prefix == 0xffff  #nosat'
    : 1
    ? 'fs1 == 0 and fe1 == 0x00 and fm1 == 0x02b and fs2 == 1 and fe2 == 0x0b and
      fm2 == 0x15d and  fcsr == 0x0 and rm_val == 7  and rs1_nan_prefix == 0xffff
      and rs2_nan_prefix == 0xffff  #nosat'
    : 1
    ? 'fs1 == 0 and fe1 == 0x00 and fm1 == 0x024 and fs2 == 0 and fe2 == 0x0a and
      fm2 == 0x082 and  fcsr == 0x0 and rm_val == 7  and rs1_nan_prefix == 0xffff
      and rs2_nan_prefix == 0xffff  #nosat'
    : 1
    ? 'fs1 == 0 and fe1 == 0x00 and fm1 == 0x01f and fs2 == 0 and fe2 == 0x09 and
      fm2 == 0x3c5 and  fcsr == 0x0 and rm_val == 7  and rs1_nan_prefix == 0xffff
      and rs2_nan_prefix == 0xffff  #nosat'
    : 1
    ? 'fs1 == 0 and fe1 == 0x00 and fm1 == 0x028 and fs2 == 0 and fe2 == 0x0a and
      fm2 == 0x106 and  fcsr == 0x0 and rm_val == 7  and rs1_nan_prefix == 0xffff
      and rs2_nan_prefix == 0xffff  #nosat'
    : 1
    ? 'fs1 == 0 and fe1 == 0x00 and fm1 == 0x00a and fs2 == 0 and fe2 == 0x08 and
      fm2 == 0x10b and  fcsr == 0x0 and rm_val == 7  and rs1_nan_prefix == 0xffff
      and rs2_nan_prefix == 0xffff  #nosat'
    : 1
    ? 'fs1 == 0 and fe1 == 0x00 and fm1 == 0x04d and fs2 == 0 and fe2 == 0x0b and
      fm2 == 0x0e4 and  fcsr == 0x0 and rm_val == 7  and rs1_nan_prefix == 0xffff
      and rs2_nan_prefix == 0xffff  #nosat'
    : 1
    ? 'fs1 == 0 and fe1 == 0x00 and fm1 == 0x005 and fs2 == 0 and fe2 == 0x07 and
      fm2 == 0x12a and  fcsr == 0x0 and rm_val == 7  and rs1_nan_prefix == 0xffff
      and rs2_nan_prefix == 0xffff  #nosat'
    : 1
    ? 'fs1 == 0 and fe1 == 0x00 and fm1 == 0x035 and fs2 == 0 and fe2 == 0x0a and
      fm2 == 0x312 and  fcsr == 0x0 and rm_val == 7  and rs1_nan_prefix == 0xffff
      and rs2_nan_prefix == 0xffff  #nosat'
    : 1
    ? 'fs1 == 0 and fe1 == 0x00 and fm1 == 0x04f and fs2 == 0 and fe2 == 0x0b and
      fm2 == 0x1a6 and  fcsr == 0x0 and rm_val == 7  and rs1_nan_prefix == 0xffff
      and rs2_nan_prefix == 0xffff  #nosat'
    : 1
    ? 'fs1 == 0 and fe1 == 0x00 and fm1 == 0x014 and fs2 == 0 and fe2 == 0x09 and
      fm2 == 0x2ac and  fcsr == 0x0 and rm_val == 7  and rs1_nan_prefix == 0xffff
      and rs2_nan_prefix == 0xffff  #nosat'
    : 1
    ? 'fs1 == 0 and fe1 == 0x00 and fm1 == 0x006 and fs2 == 0 and fe2 == 0x08 and
      fm2 == 0x203 and  fcsr == 0x0 and rm_val == 7  and rs1_nan_prefix == 0xffff
      and rs2_nan_prefix == 0xffff  #nosat'
    : 1
    ? 'fs1 == 0 and fe1 == 0x00 and fm1 == 0x029 and fs2 == 1 and fe2 == 0x0a and
      fm2 == 0x122 and  fcsr == 0x0 and rm_val == 7  and rs1_nan_prefix == 0xffff
      and rs2_nan_prefix == 0xffff  #nosat'
    : 1
    ? 'fs1 == 0 and fe1 == 0x00 and fm1 == 0x012 and fs2 == 1 and fe2 == 0x09 and
      fm2 == 0x083 and  fcsr == 0x0 and rm_val == 7  and rs1_nan_prefix == 0xffff
      and rs2_nan_prefix == 0xffff  #nosat'
    : 1
    ? 'fs1 == 0 and fe1 == 0x00 and fm1 == 0x031 and fs2 == 1 and fe2 == 0x0a and
      fm2 == 0x227 and  fcsr == 0x0 and rm_val == 7  and rs1_nan_prefix == 0xffff
      and rs2_nan_prefix == 0xffff  #nosat'
    : 1
    ? 'fs1 == 0 and fe1 == 0x00 and fm1 == 0x043 and fs2 == 1 and fe2 == 0x0b and
      fm2 == 0x039 and  fcsr == 0x0 and rm_val == 7  and rs1_nan_prefix == 0xffff
      and rs2_nan_prefix == 0xffff  #nosat'
    : 1
    ? 'fs1 == 0 and fe1 == 0x00 and fm1 == 0x053 and fs2 == 1 and fe2 == 0x0b and
      fm2 == 0x146 and  fcsr == 0x0 and rm_val == 7  and rs1_nan_prefix == 0xffff
      and rs2_nan_prefix == 0xffff  #nosat'
    : 1
    ? 'fs1 == 0 and fe1 == 0x00 and fm1 == 0x058 and fs2 == 1 and fe2 == 0x0b and
      fm2 == 0x1ae and  fcsr == 0x0 and rm_val == 7  and rs1_nan_prefix == 0xffff
      and rs2_nan_prefix == 0xffff  #nosat'
    : 1
    ? 'fs1 == 0 and fe1 == 0x00 and fm1 == 0x00e and fs2 == 1 and fe2 == 0x08 and
      fm2 == 0x379 and  fcsr == 0x0 and rm_val == 7  and rs1_nan_prefix == 0xffff
      and rs2_nan_prefix == 0xffff  #nosat'
    : 1
    ? 'fs1 == 0 and fe1 == 0x00 and fm1 == 0x041 and fs2 == 1 and fe2 == 0x0b and
      fm2 == 0x0a5 and  fcsr == 0x0 and rm_val == 7  and rs1_nan_prefix == 0xffff
      and rs2_nan_prefix == 0xffff  #nosat'
    : 1
    ? 'fs1 == 0 and fe1 == 0x00 and fm1 == 0x038 and fs2 == 1 and fe2 == 0x0b and
      fm2 == 0x0ac and  fcsr == 0x0 and rm_val == 7  and rs1_nan_prefix == 0xffff
      and rs2_nan_prefix == 0xffff  #nosat'
    : 1
    ? 'fs1 == 0 and fe1 == 0x00 and fm1 == 0x05d and fs2 == 1 and fe2 == 0x0c and
      fm2 == 0x1d2 and  fcsr == 0x0 and rm_val == 7  and rs1_nan_prefix == 0xffff
      and rs2_nan_prefix == 0xffff  #nosat'
    : 1
    ? 'fs1 == 0 and fe1 == 0x01 and fm1 == 0x01f and fs2 == 0 and fe2 == 0x0f and
      fm2 == 0x01d and  fcsr == 0x0 and rm_val == 7  and rs1_nan_prefix == 0xffff
      and rs2_nan_prefix == 0xffff  #nosat'
    : 1
    ? 'fs1 == 0 and fe1 == 0x01 and fm1 == 0x038 and fs2 == 0 and fe2 == 0x0f and
      fm2 == 0x035 and  fcsr == 0x0 and rm_val == 7  and rs1_nan_prefix == 0xffff
      and rs2_nan_prefix == 0xffff  #nosat'
    : 1
    ? 'fs1 == 0 and fe1 == 0x01 and fm1 == 0x043 and fs2 == 0 and fe2 == 0x0f and
      fm2 == 0x03e and  fcsr == 0x0 and rm_val == 7  and rs1_nan_prefix == 0xffff
      and rs2_nan_prefix == 0xffff  #nosat'
    : 1
    ? 'fs1 == 0 and fe1 == 0x01 and fm1 == 0x047 and fs2 == 0 and fe2 == 0x0f and
      fm2 == 0x03e and  fcsr == 0x0 and rm_val == 7  and rs1_nan_prefix == 0xffff
      and rs2_nan_prefix == 0xffff  #nosat'
    : 1
    ? 'fs1 == 0 and fe1 == 0x01 and fm1 == 0x002 and fs2 == 0 and fe2 == 0x0e and
      fm2 == 0x3e4 and  fcsr == 0x0 and rm_val == 7  and rs1_nan_prefix == 0xffff
      and rs2_nan_prefix == 0xffff  #nosat'
    : 1
    ? 'fs1 == 0 and fe1 == 0x01 and fm1 == 0x04b and fs2 == 0 and fe2 == 0x0f and
      fm2 == 0x029 and  fcsr == 0x0 and rm_val == 7  and rs1_nan_prefix == 0xffff
      and rs2_nan_prefix == 0xffff  #nosat'
    : 1
    ? 'fs1 == 0 and fe1 == 0x01 and fm1 == 0x003 and fs2 == 0 and fe2 == 0x0e and
      fm2 == 0x38d and  fcsr == 0x0 and rm_val == 7  and rs1_nan_prefix == 0xffff
      and rs2_nan_prefix == 0xffff  #nosat'
    : 1
    ? 'fs1 == 0 and fe1 == 0x01 and fm1 == 0x04f and fs2 == 0 and fe2 == 0x0e and
      fm2 == 0x3a8 and  fcsr == 0x0 and rm_val == 7  and rs1_nan_prefix == 0xffff
      and rs2_nan_prefix == 0xffff  #nosat'
    : 1
    ? 'fs1 == 0 and fe1 == 0x01 and fm1 == 0x051 and fs2 == 0 and fe2 == 0x0e and
      fm2 == 0x2e8 and  fcsr == 0x0 and rm_val == 7  and rs1_nan_prefix == 0xffff
      and rs2_nan_prefix == 0xffff  #nosat'
    : 1
    ? 'fs1 == 0 and fe1 == 0x01 and fm1 == 0x008 and fs2 == 0 and fe2 == 0x0e and
      fm2 == 0x160 and  fcsr == 0x0 and rm_val == 7  and rs1_nan_prefix == 0xffff
      and rs2_nan_prefix == 0xffff  #nosat'
    : 1
    ? 'fs1 == 0 and fe1 == 0x01 and fm1 == 0x051 and fs2 == 1 and fe2 == 0x0f and
      fm2 == 0x04f and  fcsr == 0x0 and rm_val == 7  and rs1_nan_prefix == 0xffff
      and rs2_nan_prefix == 0xffff  #nosat'
    : 1
    ? 'fs1 == 0 and fe1 == 0x01 and fm1 == 0x03c and fs2 == 1 and fe2 == 0x0f and
      fm2 == 0x039 and  fcsr == 0x0 and rm_val == 7  and rs1_nan_prefix == 0xffff
      and rs2_nan_prefix == 0xffff  #nosat'
    : 1
    ? 'fs1 == 0 and fe1 == 0x01 and fm1 == 0x057 and fs2 == 1 and fe2 == 0x0f and
      fm2 == 0x052 and  fcsr == 0x0 and rm_val == 7  and rs1_nan_prefix == 0xffff
      and rs2_nan_prefix == 0xffff  #nosat'
    : 1
    ? 'fs1 == 0 and fe1 == 0x01 and fm1 == 0x04e and fs2 == 1 and fe2 == 0x0f and
      fm2 == 0x045 and  fcsr == 0x0 and rm_val == 7  and rs1_nan_prefix == 0xffff
      and rs2_nan_prefix == 0xffff  #nosat'
    : 1
    ? 'fs1 == 0 and fe1 == 0x01 and fm1 == 0x024 and fs2 == 1 and fe2 == 0x0f and
      fm2 == 0x013 and  fcsr == 0x0 and rm_val == 7  and rs1_nan_prefix == 0xffff
      and rs2_nan_prefix == 0xffff  #nosat'
    : 1
    ? 'fs1 == 0 and fe1 == 0x01 and fm1 == 0x03f and fs2 == 1 and fe2 == 0x0f and
      fm2 == 0x01e and  fcsr == 0x0 and rm_val == 7  and rs1_nan_prefix == 0xffff
      and rs2_nan_prefix == 0xffff  #nosat'
    : 1
    ? 'fs1 == 0 and fe1 == 0x01 and fm1 == 0x04c and fs2 == 1 and fe2 == 0x0f and
      fm2 == 0x00b and  fcsr == 0x0 and rm_val == 7  and rs1_nan_prefix == 0xffff
      and rs2_nan_prefix == 0xffff  #nosat'
    : 1
    ? 'fs1 == 0 and fe1 == 0x01 and fm1 == 0x057 and fs2 == 1 and fe2 == 0x0e and
      fm2 == 0x3b7 and  fcsr == 0x0 and rm_val == 7  and rs1_nan_prefix == 0xffff
      and rs2_nan_prefix == 0xffff  #nosat'
    : 1
    ? 'fs1 == 0 and fe1 == 0x01 and fm1 == 0x030 and fs2 == 1 and fe2 == 0x0e and
      fm2 == 0x2b3 and  fcsr == 0x0 and rm_val == 7  and rs1_nan_prefix == 0xffff
      and rs2_nan_prefix == 0xffff  #nosat'
    : 1
    ? 'fs1 == 0 and fe1 == 0x01 and fm1 == 0x051 and fs2 == 1 and fe2 == 0x0e and
      fm2 == 0x1c1 and  fcsr == 0x0 and rm_val == 7  and rs1_nan_prefix == 0xffff
      and rs2_nan_prefix == 0xffff  #nosat'
    : 1
    ? 'fs1 == 0 and fe1 == 0x1e and fm1 == 0x027 and fs2 == 0 and fe2 == 0x0e and
      fm2 == 0x028 and  fcsr == 0x0 and rm_val == 7  and rs1_nan_prefix == 0xffff
      and rs2_nan_prefix == 0xffff  #nosat'
    : 1
    ? 'fs1 == 0 and fe1 == 0x1e and fm1 == 0x04d and fs2 == 0 and fe2 == 0x0e and
      fm2 == 0x04e and  fcsr == 0x0 and rm_val == 7  and rs1_nan_prefix == 0xffff
      and rs2_nan_prefix == 0xffff  #nosat'
    : 1
    ? 'fs1 == 0 and fe1 == 0x1e and fm1 == 0x017 and fs2 == 0 and fe2 == 0x0e and
      fm2 == 0x019 and  fcsr == 0x0 and rm_val == 7  and rs1_nan_prefix == 0xffff
      and rs2_nan_prefix == 0xffff  #nosat'
    : 1
    ? 'fs1 == 0 and fe1 == 0x1e and fm1 == 0x018 and fs2 == 0 and fe2 == 0x0e and
      fm2 == 0x01c and  fcsr == 0x0 and rm_val == 7  and rs1_nan_prefix == 0xffff
      and rs2_nan_prefix == 0xffff  #nosat'
    : 1
    ? 'fs1 == 0 and fe1 == 0x1e and fm1 == 0x062 and fs2 == 0 and fe2 == 0x0e and
      fm2 == 0x06b and  fcsr == 0x0 and rm_val == 7  and rs1_nan_prefix == 0xffff
      and rs2_nan_prefix == 0xffff  #nosat'
    : 1
    ? 'fs1 == 0 and fe1 == 0x1e and fm1 == 0x04d and fs2 == 0 and fe2 == 0x0e and
      fm2 == 0x05f and  fcsr == 0x0 and rm_val == 7  and rs1_nan_prefix == 0xffff
      and rs2_nan_prefix == 0xffff  #nosat'
    : 1
    ? 'fs1 == 0 and fe1 == 0x1e and fm1 == 0x027 and fs2 == 0 and fe2 == 0x0e and
      fm2 == 0x049 and  fcsr == 0x0 and rm_val == 7  and rs1_nan_prefix == 0xffff
      and rs2_nan_prefix == 0xffff  #nosat'
    : 1
    ? 'fs1 == 0 and fe1 == 0x1e and fm1 == 0x00e and fs2 == 0 and fe2 == 0x0e and
      fm2 == 0x053 and  fcsr == 0x0 and rm_val == 7  and rs1_nan_prefix == 0xffff
      and rs2_nan_prefix == 0xffff  #nosat'
    : 1
    ? 'fs1 == 0 and fe1 == 0x1e and fm1 == 0x004 and fs2 == 0 and fe2 == 0x0e and
      fm2 == 0x097 and  fcsr == 0x0 and rm_val == 7  and rs1_nan_prefix == 0xffff
      and rs2_nan_prefix == 0xffff  #nosat'
    : 1
    ? 'fs1 == 0 and fe1 == 0x1e and fm1 == 0x058 and fs2 == 0 and fe2 == 0x0e and
      fm2 == 0x1cb and  fcsr == 0x0 and rm_val == 7  and rs1_nan_prefix == 0xffff
      and rs2_nan_prefix == 0xffff  #nosat'
    : 1
    ? 'fs1 == 0 and fe1 == 0x1e and fm1 == 0x011 and fs2 == 1 and fe2 == 0x0e and
      fm2 == 0x012 and  fcsr == 0x0 and rm_val == 7  and rs1_nan_prefix == 0xffff
      and rs2_nan_prefix == 0xffff  #nosat'
    : 1
    ? 'fs1 == 0 and fe1 == 0x1e and fm1 == 0x041 and fs2 == 1 and fe2 == 0x0e and
      fm2 == 0x042 and  fcsr == 0x0 and rm_val == 7  and rs1_nan_prefix == 0xffff
      and rs2_nan_prefix == 0xffff  #nosat'
    : 1
    ? 'fs1 == 0 and fe1 == 0x1e and fm1 == 0x054 and fs2 == 1 and fe2 == 0x0e and
      fm2 == 0x056 and  fcsr == 0x0 and rm_val == 7  and rs1_nan_prefix == 0xffff
      and rs2_nan_prefix == 0xffff  #nosat'
    : 1
    ? 'fs1 == 0 and fe1 == 0x1e and fm1 == 0x01f and fs2 == 1 and fe2 == 0x0e and
      fm2 == 0x023 and  fcsr == 0x0 and rm_val == 7  and rs1_nan_prefix == 0xffff
      and rs2_nan_prefix == 0xffff  #nosat'
    : 1
    ? 'fs1 == 0 and fe1 == 0x1e and fm1 == 0x018 and fs2 == 1 and fe2 == 0x0e and
      fm2 == 0x020 and  fcsr == 0x0 and rm_val == 7  and rs1_nan_prefix == 0xffff
      and rs2_nan_prefix == 0xffff  #nosat'
    : 1
    ? 'fs1 == 0 and fe1 == 0x1e and fm1 == 0x038 and fs2 == 1 and fe2 == 0x0e and
      fm2 == 0x049 and  fcsr == 0x0 and rm_val == 7  and rs1_nan_prefix == 0xffff
      and rs2_nan_prefix == 0xffff  #nosat'
    : 1
    ? 'fs1 == 0 and fe1 == 0x1e and fm1 == 0x05a and fs2 == 1 and fe2 == 0x0e and
      fm2 == 0x07e and  fcsr == 0x0 and rm_val == 7  and rs1_nan_prefix == 0xffff
      and rs2_nan_prefix == 0xffff  #nosat'
    : 1
    ? 'fs1 == 0 and fe1 == 0x1e and fm1 == 0x00e and fs2 == 1 and fe2 == 0x0e and
      fm2 == 0x053 and  fcsr == 0x0 and rm_val == 7  and rs1_nan_prefix == 0xffff
      and rs2_nan_prefix == 0xffff  #nosat'
    : 1
    ? 'fs1 == 0 and fe1 == 0x1e and fm1 == 0x02a and fs2 == 1 and fe2 == 0x0e and
      fm2 == 0x0c2 and  fcsr == 0x0 and rm_val == 7  and rs1_nan_prefix == 0xffff
      and rs2_nan_prefix == 0xffff  #nosat'
    : 1
    ? 'fs1 == 0 and fe1 == 0x1e and fm1 == 0x057 and fs2 == 1 and fe2 == 0x0e and
      fm2 == 0x1ca and  fcsr == 0x0 and rm_val == 7  and rs1_nan_prefix == 0xffff
      and rs2_nan_prefix == 0xffff  #nosat'
    : 1
    coverage: 120/120
  total_coverage: 222/222
